2019-03-13_16 16:08:04.440 INFO  [main] org.springframework.context.annotation.AnnotationConfigApplicationContext - Refreshing org.springframework.context.annotation.AnnotationConfigApplicationContext@445b295b: startup date [Wed Mar 13 16:08:04 CST 2019]; root of context hierarchy
2019-03-13_16 16:08:04.610 INFO  [background-preinit] org.hibernate.validator.internal.util.Version - HV000001: Hibernate Validator 5.3.5.Final
2019-03-13_16 16:08:04.708 INFO  [main] org.springframework.beans.factory.annotation.AutowiredAnnotationBeanPostProcessor - JSR-330 'javax.inject.Inject' annotation found and supported for autowiring
2019-03-13_16 16:08:04.783 INFO  [main] org.springframework.context.support.PostProcessorRegistrationDelegate$BeanPostProcessorChecker - Bean 'configurationPropertiesRebinderAutoConfiguration' of type [org.springframework.cloud.autoconfigure.ConfigurationPropertiesRebinderAutoConfiguration$$EnhancerBySpringCGLIB$$776b115e] is not eligible for getting processed by all BeanPostProcessors (for example: not eligible for auto-proxying)
2019-03-13_16 16:08:05.071 INFO  [main] demik.springcloud.zuulgateway8080.ZuulGateway8080Application - No active profile set, falling back to default profiles: default
2019-03-13_16 16:08:05.083 INFO  [main] org.springframework.boot.context.embedded.AnnotationConfigEmbeddedWebApplicationContext - Refreshing org.springframework.boot.context.embedded.AnnotationConfigEmbeddedWebApplicationContext@4af0df05: startup date [Wed Mar 13 16:08:05 CST 2019]; parent: org.springframework.context.annotation.AnnotationConfigApplicationContext@445b295b
2019-03-13_16 16:08:05.951 WARN  [main] org.mybatis.spring.mapper.ClassPathMapperScanner - No MyBatis mapper was found in '[demik.springcloud.zuulgateway8080]' package. Please check your configuration.
2019-03-13_16 16:08:06.109 INFO  [main] org.springframework.beans.factory.support.DefaultListableBeanFactory - Overriding bean definition for bean 'counterFactory' with a different definition: replacing [Root bean: class [null]; scope=; abstract=false; lazyInit=false; autowireMode=3; dependencyCheck=0; autowireCandidate=true; primary=false; factoryBeanName=org.springframework.cloud.netflix.zuul.ZuulServerAutoConfiguration$ZuulMetricsConfiguration; factoryMethodName=counterFactory; initMethodName=null; destroyMethodName=(inferred); defined in class path resource [org/springframework/cloud/netflix/zuul/ZuulServerAutoConfiguration$ZuulMetricsConfiguration.class]] with [Root bean: class [null]; scope=; abstract=false; lazyInit=false; autowireMode=3; dependencyCheck=0; autowireCandidate=true; primary=false; factoryBeanName=org.springframework.cloud.netflix.zuul.ZuulServerAutoConfiguration$ZuulCounterFactoryConfiguration; factoryMethodName=counterFactory; initMethodName=null; destroyMethodName=(inferred); defined in class path resource [org/springframework/cloud/netflix/zuul/ZuulServerAutoConfiguration$ZuulCounterFactoryConfiguration.class]]
2019-03-13_16 16:08:06.254 INFO  [main] org.springframework.cloud.context.scope.GenericScope - BeanFactory id=0985949e-6344-377f-b313-2db91c3c2771
2019-03-13_16 16:08:06.276 INFO  [main] org.springframework.beans.factory.annotation.AutowiredAnnotationBeanPostProcessor - JSR-330 'javax.inject.Inject' annotation found and supported for autowiring
2019-03-13_16 16:08:06.428 INFO  [main] org.springframework.context.support.PostProcessorRegistrationDelegate$BeanPostProcessorChecker - Bean 'org.springframework.transaction.annotation.ProxyTransactionManagementConfiguration' of type [org.springframework.transaction.annotation.ProxyTransactionManagementConfiguration$$EnhancerBySpringCGLIB$$5b510e61] is not eligible for getting processed by all BeanPostProcessors (for example: not eligible for auto-proxying)
2019-03-13_16 16:08:06.624 INFO  [main] org.springframework.context.support.PostProcessorRegistrationDelegate$BeanPostProcessorChecker - Bean 'org.springframework.cloud.netflix.metrics.MetricsInterceptorConfiguration$MetricsRestTemplateConfiguration' of type [org.springframework.cloud.netflix.metrics.MetricsInterceptorConfiguration$MetricsRestTemplateConfiguration$$EnhancerBySpringCGLIB$$8d7db4a2] is not eligible for getting processed by all BeanPostProcessors (for example: not eligible for auto-proxying)
2019-03-13_16 16:08:06.641 INFO  [main] org.springframework.context.support.PostProcessorRegistrationDelegate$BeanPostProcessorChecker - Bean 'org.springframework.cloud.autoconfigure.ConfigurationPropertiesRebinderAutoConfiguration' of type [org.springframework.cloud.autoconfigure.ConfigurationPropertiesRebinderAutoConfiguration$$EnhancerBySpringCGLIB$$776b115e] is not eligible for getting processed by all BeanPostProcessors (for example: not eligible for auto-proxying)
2019-03-13_16 16:08:07.060 INFO  [main] org.springframework.boot.context.embedded.tomcat.TomcatEmbeddedServletContainer - Tomcat initialized with port(s): 8080 (http)
2019-03-13_16 16:08:07.069 INFO  [main] org.apache.catalina.core.StandardService - Starting service [Tomcat]
2019-03-13_16 16:08:07.071 INFO  [main] org.apache.catalina.core.StandardEngine - Starting Servlet Engine: Apache Tomcat/8.5.20
2019-03-13_16 16:08:07.169 INFO  [localhost-startStop-1] org.apache.catalina.core.ContainerBase.[Tomcat].[localhost].[/] - Initializing Spring embedded WebApplicationContext
2019-03-13_16 16:08:07.169 INFO  [localhost-startStop-1] org.springframework.web.context.ContextLoader - Root WebApplicationContext: initialization completed in 2086 ms
2019-03-13_16 16:08:07.745 INFO  [localhost-startStop-1] org.springframework.boot.web.servlet.ServletRegistrationBean - Mapping servlet: 'dispatcherServlet' to [/]
2019-03-13_16 16:08:07.747 INFO  [localhost-startStop-1] org.springframework.boot.web.servlet.ServletRegistrationBean - Mapping servlet: 'statViewServlet' to [/druid/*]
2019-03-13_16 16:08:07.747 INFO  [localhost-startStop-1] org.springframework.boot.web.servlet.ServletRegistrationBean - Mapping servlet: 'zuulServlet' to [/zuul/*]
2019-03-13_16 16:08:07.750 INFO  [localhost-startStop-1] org.springframework.boot.web.servlet.FilterRegistrationBean - Mapping filter: 'metricsFilter' to: [/*]
2019-03-13_16 16:08:07.750 INFO  [localhost-startStop-1] org.springframework.boot.web.servlet.FilterRegistrationBean - Mapping filter: 'characterEncodingFilter' to: [/*]
2019-03-13_16 16:08:07.750 INFO  [localhost-startStop-1] org.springframework.boot.web.servlet.FilterRegistrationBean - Mapping filter: 'hiddenHttpMethodFilter' to: [/*]
2019-03-13_16 16:08:07.750 INFO  [localhost-startStop-1] org.springframework.boot.web.servlet.FilterRegistrationBean - Mapping filter: 'httpPutFormContentFilter' to: [/*]
2019-03-13_16 16:08:07.750 INFO  [localhost-startStop-1] org.springframework.boot.web.servlet.FilterRegistrationBean - Mapping filter: 'requestContextFilter' to: [/*]
2019-03-13_16 16:08:07.750 INFO  [localhost-startStop-1] org.springframework.boot.web.servlet.FilterRegistrationBean - Mapping filter: 'webRequestLoggingFilter' to: [/*]
2019-03-13_16 16:08:07.751 INFO  [localhost-startStop-1] org.springframework.boot.web.servlet.FilterRegistrationBean - Mapping filter: 'webStatFilter' to urls: [/*]
2019-03-13_16 16:08:07.751 INFO  [localhost-startStop-1] org.springframework.boot.web.servlet.FilterRegistrationBean - Mapping filter: 'applicationContextIdFilter' to: [/*]
2019-03-13_16 16:08:07.787 INFO  [main] com.alibaba.druid.spring.boot.autoconfigure.DruidDataSourceAutoConfigure - Init DruidDataSource
2019-03-13_16 16:08:08.643 INFO  [main] com.alibaba.druid.pool.DruidDataSource - {dataSource-1} inited
2019-03-13_16 16:08:09.221 ERROR [Druid-ConnectionPool-Create-873156359] com.alibaba.druid.pool.DruidDataSource - create connection SQLException, url: jdbc:mysql://localhost:3306/cloud_demo_01, errorCode 1049, state 42000
com.mysql.jdbc.exceptions.jdbc4.MySQLSyntaxErrorException: Unknown database 'cloud_demo_01'
	at sun.reflect.NativeConstructorAccessorImpl.newInstance0(Native Method)
	at sun.reflect.NativeConstructorAccessorImpl.newInstance(NativeConstructorAccessorImpl.java:62)
	at sun.reflect.DelegatingConstructorAccessorImpl.newInstance(DelegatingConstructorAccessorImpl.java:45)
	at java.lang.reflect.Constructor.newInstance(Constructor.java:423)
	at com.mysql.jdbc.Util.handleNewInstance(Util.java:425)
	at com.mysql.jdbc.Util.getInstance(Util.java:408)
	at com.mysql.jdbc.SQLError.createSQLException(SQLError.java:944)
	at com.mysql.jdbc.MysqlIO.checkErrorPacket(MysqlIO.java:3973)
	at com.mysql.jdbc.MysqlIO.checkErrorPacket(MysqlIO.java:3909)
	at com.mysql.jdbc.MysqlIO.checkErrorPacket(MysqlIO.java:873)
	at com.mysql.jdbc.MysqlIO.secureAuth411(MysqlIO.java:4420)
	at com.mysql.jdbc.MysqlIO.doHandshake(MysqlIO.java:1278)
	at com.mysql.jdbc.ConnectionImpl.coreConnect(ConnectionImpl.java:2188)
	at com.mysql.jdbc.ConnectionImpl.connectOneTryOnly(ConnectionImpl.java:2219)
	at com.mysql.jdbc.ConnectionImpl.createNewIO(ConnectionImpl.java:2014)
	at com.mysql.jdbc.ConnectionImpl.<init>(ConnectionImpl.java:776)
	at com.mysql.jdbc.JDBC4Connection.<init>(JDBC4Connection.java:47)
	at sun.reflect.NativeConstructorAccessorImpl.newInstance0(Native Method)
	at sun.reflect.NativeConstructorAccessorImpl.newInstance(NativeConstructorAccessorImpl.java:62)
	at sun.reflect.DelegatingConstructorAccessorImpl.newInstance(DelegatingConstructorAccessorImpl.java:45)
	at java.lang.reflect.Constructor.newInstance(Constructor.java:423)
	at com.mysql.jdbc.Util.handleNewInstance(Util.java:425)
	at com.mysql.jdbc.ConnectionImpl.getInstance(ConnectionImpl.java:386)
	at com.mysql.jdbc.NonRegisteringDriver.connect(NonRegisteringDriver.java:330)
	at com.alibaba.druid.filter.FilterChainImpl.connection_connect(FilterChainImpl.java:156)
	at com.alibaba.druid.filter.stat.StatFilter.connection_connect(StatFilter.java:218)
	at com.alibaba.druid.filter.FilterChainImpl.connection_connect(FilterChainImpl.java:150)
	at com.alibaba.druid.pool.DruidAbstractDataSource.createPhysicalConnection(DruidAbstractDataSource.java:1560)
	at com.alibaba.druid.pool.DruidAbstractDataSource.createPhysicalConnection(DruidAbstractDataSource.java:1623)
	at com.alibaba.druid.pool.DruidDataSource$CreateConnectionThread.run(DruidDataSource.java:2468)
2019-03-13_16 16:08:09.224 ERROR [Druid-ConnectionPool-Create-873156359] com.alibaba.druid.pool.DruidDataSource - create connection SQLException, url: jdbc:mysql://localhost:3306/cloud_demo_01, errorCode 1049, state 42000
com.mysql.jdbc.exceptions.jdbc4.MySQLSyntaxErrorException: Unknown database 'cloud_demo_01'
	at sun.reflect.NativeConstructorAccessorImpl.newInstance0(Native Method)
	at sun.reflect.NativeConstructorAccessorImpl.newInstance(NativeConstructorAccessorImpl.java:62)
	at sun.reflect.DelegatingConstructorAccessorImpl.newInstance(DelegatingConstructorAccessorImpl.java:45)
	at java.lang.reflect.Constructor.newInstance(Constructor.java:423)
	at com.mysql.jdbc.Util.handleNewInstance(Util.java:425)
	at com.mysql.jdbc.Util.getInstance(Util.java:408)
	at com.mysql.jdbc.SQLError.createSQLException(SQLError.java:944)
	at com.mysql.jdbc.MysqlIO.checkErrorPacket(MysqlIO.java:3973)
	at com.mysql.jdbc.MysqlIO.checkErrorPacket(MysqlIO.java:3909)
	at com.mysql.jdbc.MysqlIO.checkErrorPacket(MysqlIO.java:873)
	at com.mysql.jdbc.MysqlIO.secureAuth411(MysqlIO.java:4420)
	at com.mysql.jdbc.MysqlIO.doHandshake(MysqlIO.java:1278)
	at com.mysql.jdbc.ConnectionImpl.coreConnect(ConnectionImpl.java:2188)
	at com.mysql.jdbc.ConnectionImpl.connectOneTryOnly(ConnectionImpl.java:2219)
	at com.mysql.jdbc.ConnectionImpl.createNewIO(ConnectionImpl.java:2014)
	at com.mysql.jdbc.ConnectionImpl.<init>(ConnectionImpl.java:776)
	at com.mysql.jdbc.JDBC4Connection.<init>(JDBC4Connection.java:47)
	at sun.reflect.NativeConstructorAccessorImpl.newInstance0(Native Method)
	at sun.reflect.NativeConstructorAccessorImpl.newInstance(NativeConstructorAccessorImpl.java:62)
	at sun.reflect.DelegatingConstructorAccessorImpl.newInstance(DelegatingConstructorAccessorImpl.java:45)
	at java.lang.reflect.Constructor.newInstance(Constructor.java:423)
	at com.mysql.jdbc.Util.handleNewInstance(Util.java:425)
	at com.mysql.jdbc.ConnectionImpl.getInstance(ConnectionImpl.java:386)
	at com.mysql.jdbc.NonRegisteringDriver.connect(NonRegisteringDriver.java:330)
	at com.alibaba.druid.filter.FilterChainImpl.connection_connect(FilterChainImpl.java:156)
	at com.alibaba.druid.filter.stat.StatFilter.connection_connect(StatFilter.java:218)
	at com.alibaba.druid.filter.FilterChainImpl.connection_connect(FilterChainImpl.java:150)
	at com.alibaba.druid.pool.DruidAbstractDataSource.createPhysicalConnection(DruidAbstractDataSource.java:1560)
	at com.alibaba.druid.pool.DruidAbstractDataSource.createPhysicalConnection(DruidAbstractDataSource.java:1623)
	at com.alibaba.druid.pool.DruidDataSource$CreateConnectionThread.run(DruidDataSource.java:2468)
2019-03-13_16 16:08:09.731 ERROR [Druid-ConnectionPool-Create-873156359] com.alibaba.druid.pool.DruidDataSource - create connection SQLException, url: jdbc:mysql://localhost:3306/cloud_demo_01, errorCode 1049, state 42000
com.mysql.jdbc.exceptions.jdbc4.MySQLSyntaxErrorException: Unknown database 'cloud_demo_01'
	at sun.reflect.NativeConstructorAccessorImpl.newInstance0(Native Method)
	at sun.reflect.NativeConstructorAccessorImpl.newInstance(NativeConstructorAccessorImpl.java:62)
	at sun.reflect.DelegatingConstructorAccessorImpl.newInstance(DelegatingConstructorAccessorImpl.java:45)
	at java.lang.reflect.Constructor.newInstance(Constructor.java:423)
	at com.mysql.jdbc.Util.handleNewInstance(Util.java:425)
	at com.mysql.jdbc.Util.getInstance(Util.java:408)
	at com.mysql.jdbc.SQLError.createSQLException(SQLError.java:944)
	at com.mysql.jdbc.MysqlIO.checkErrorPacket(MysqlIO.java:3973)
	at com.mysql.jdbc.MysqlIO.checkErrorPacket(MysqlIO.java:3909)
	at com.mysql.jdbc.MysqlIO.checkErrorPacket(MysqlIO.java:873)
	at com.mysql.jdbc.MysqlIO.secureAuth411(MysqlIO.java:4420)
	at com.mysql.jdbc.MysqlIO.doHandshake(MysqlIO.java:1278)
	at com.mysql.jdbc.ConnectionImpl.coreConnect(ConnectionImpl.java:2188)
	at com.mysql.jdbc.ConnectionImpl.connectOneTryOnly(ConnectionImpl.java:2219)
	at com.mysql.jdbc.ConnectionImpl.createNewIO(ConnectionImpl.java:2014)
	at com.mysql.jdbc.ConnectionImpl.<init>(ConnectionImpl.java:776)
	at com.mysql.jdbc.JDBC4Connection.<init>(JDBC4Connection.java:47)
	at sun.reflect.NativeConstructorAccessorImpl.newInstance0(Native Method)
	at sun.reflect.NativeConstructorAccessorImpl.newInstance(NativeConstructorAccessorImpl.java:62)
	at sun.reflect.DelegatingConstructorAccessorImpl.newInstance(DelegatingConstructorAccessorImpl.java:45)
	at java.lang.reflect.Constructor.newInstance(Constructor.java:423)
	at com.mysql.jdbc.Util.handleNewInstance(Util.java:425)
	at com.mysql.jdbc.ConnectionImpl.getInstance(ConnectionImpl.java:386)
	at com.mysql.jdbc.NonRegisteringDriver.connect(NonRegisteringDriver.java:330)
	at com.alibaba.druid.filter.FilterChainImpl.connection_connect(FilterChainImpl.java:156)
	at com.alibaba.druid.filter.stat.StatFilter.connection_connect(StatFilter.java:218)
	at com.alibaba.druid.filter.FilterChainImpl.connection_connect(FilterChainImpl.java:150)
	at com.alibaba.druid.pool.DruidAbstractDataSource.createPhysicalConnection(DruidAbstractDataSource.java:1560)
	at com.alibaba.druid.pool.DruidAbstractDataSource.createPhysicalConnection(DruidAbstractDataSource.java:1623)
	at com.alibaba.druid.pool.DruidDataSource$CreateConnectionThread.run(DruidDataSource.java:2468)
2019-03-13_16 16:08:10.240 ERROR [Druid-ConnectionPool-Create-873156359] com.alibaba.druid.pool.DruidDataSource - create connection SQLException, url: jdbc:mysql://localhost:3306/cloud_demo_01, errorCode 1049, state 42000
com.mysql.jdbc.exceptions.jdbc4.MySQLSyntaxErrorException: Unknown database 'cloud_demo_01'
	at sun.reflect.NativeConstructorAccessorImpl.newInstance0(Native Method)
	at sun.reflect.NativeConstructorAccessorImpl.newInstance(NativeConstructorAccessorImpl.java:62)
	at sun.reflect.DelegatingConstructorAccessorImpl.newInstance(DelegatingConstructorAccessorImpl.java:45)
	at java.lang.reflect.Constructor.newInstance(Constructor.java:423)
	at com.mysql.jdbc.Util.handleNewInstance(Util.java:425)
	at com.mysql.jdbc.Util.getInstance(Util.java:408)
	at com.mysql.jdbc.SQLError.createSQLException(SQLError.java:944)
	at com.mysql.jdbc.MysqlIO.checkErrorPacket(MysqlIO.java:3973)
	at com.mysql.jdbc.MysqlIO.checkErrorPacket(MysqlIO.java:3909)
	at com.mysql.jdbc.MysqlIO.checkErrorPacket(MysqlIO.java:873)
	at com.mysql.jdbc.MysqlIO.secureAuth411(MysqlIO.java:4420)
	at com.mysql.jdbc.MysqlIO.doHandshake(MysqlIO.java:1278)
	at com.mysql.jdbc.ConnectionImpl.coreConnect(ConnectionImpl.java:2188)
	at com.mysql.jdbc.ConnectionImpl.connectOneTryOnly(ConnectionImpl.java:2219)
	at com.mysql.jdbc.ConnectionImpl.createNewIO(ConnectionImpl.java:2014)
	at com.mysql.jdbc.ConnectionImpl.<init>(ConnectionImpl.java:776)
	at com.mysql.jdbc.JDBC4Connection.<init>(JDBC4Connection.java:47)
	at sun.reflect.NativeConstructorAccessorImpl.newInstance0(Native Method)
	at sun.reflect.NativeConstructorAccessorImpl.newInstance(NativeConstructorAccessorImpl.java:62)
	at sun.reflect.DelegatingConstructorAccessorImpl.newInstance(DelegatingConstructorAccessorImpl.java:45)
	at java.lang.reflect.Constructor.newInstance(Constructor.java:423)
	at com.mysql.jdbc.Util.handleNewInstance(Util.java:425)
	at com.mysql.jdbc.ConnectionImpl.getInstance(ConnectionImpl.java:386)
	at com.mysql.jdbc.NonRegisteringDriver.connect(NonRegisteringDriver.java:330)
	at com.alibaba.druid.filter.FilterChainImpl.connection_connect(FilterChainImpl.java:156)
	at com.alibaba.druid.filter.stat.StatFilter.connection_connect(StatFilter.java:218)
	at com.alibaba.druid.filter.FilterChainImpl.connection_connect(FilterChainImpl.java:150)
	at com.alibaba.druid.pool.DruidAbstractDataSource.createPhysicalConnection(DruidAbstractDataSource.java:1560)
	at com.alibaba.druid.pool.DruidAbstractDataSource.createPhysicalConnection(DruidAbstractDataSource.java:1623)
	at com.alibaba.druid.pool.DruidDataSource$CreateConnectionThread.run(DruidDataSource.java:2468)
2019-03-13_16 16:08:10.748 ERROR [Druid-ConnectionPool-Create-873156359] com.alibaba.druid.pool.DruidDataSource - create connection SQLException, url: jdbc:mysql://localhost:3306/cloud_demo_01, errorCode 1049, state 42000
com.mysql.jdbc.exceptions.jdbc4.MySQLSyntaxErrorException: Unknown database 'cloud_demo_01'
	at sun.reflect.NativeConstructorAccessorImpl.newInstance0(Native Method)
	at sun.reflect.NativeConstructorAccessorImpl.newInstance(NativeConstructorAccessorImpl.java:62)
	at sun.reflect.DelegatingConstructorAccessorImpl.newInstance(DelegatingConstructorAccessorImpl.java:45)
	at java.lang.reflect.Constructor.newInstance(Constructor.java:423)
	at com.mysql.jdbc.Util.handleNewInstance(Util.java:425)
	at com.mysql.jdbc.Util.getInstance(Util.java:408)
	at com.mysql.jdbc.SQLError.createSQLException(SQLError.java:944)
	at com.mysql.jdbc.MysqlIO.checkErrorPacket(MysqlIO.java:3973)
	at com.mysql.jdbc.MysqlIO.checkErrorPacket(MysqlIO.java:3909)
	at com.mysql.jdbc.MysqlIO.checkErrorPacket(MysqlIO.java:873)
	at com.mysql.jdbc.MysqlIO.secureAuth411(MysqlIO.java:4420)
	at com.mysql.jdbc.MysqlIO.doHandshake(MysqlIO.java:1278)
	at com.mysql.jdbc.ConnectionImpl.coreConnect(ConnectionImpl.java:2188)
	at com.mysql.jdbc.ConnectionImpl.connectOneTryOnly(ConnectionImpl.java:2219)
	at com.mysql.jdbc.ConnectionImpl.createNewIO(ConnectionImpl.java:2014)
	at com.mysql.jdbc.ConnectionImpl.<init>(ConnectionImpl.java:776)
	at com.mysql.jdbc.JDBC4Connection.<init>(JDBC4Connection.java:47)
	at sun.reflect.NativeConstructorAccessorImpl.newInstance0(Native Method)
	at sun.reflect.NativeConstructorAccessorImpl.newInstance(NativeConstructorAccessorImpl.java:62)
	at sun.reflect.DelegatingConstructorAccessorImpl.newInstance(DelegatingConstructorAccessorImpl.java:45)
	at java.lang.reflect.Constructor.newInstance(Constructor.java:423)
	at com.mysql.jdbc.Util.handleNewInstance(Util.java:425)
	at com.mysql.jdbc.ConnectionImpl.getInstance(ConnectionImpl.java:386)
	at com.mysql.jdbc.NonRegisteringDriver.connect(NonRegisteringDriver.java:330)
	at com.alibaba.druid.filter.FilterChainImpl.connection_connect(FilterChainImpl.java:156)
	at com.alibaba.druid.filter.stat.StatFilter.connection_connect(StatFilter.java:218)
	at com.alibaba.druid.filter.FilterChainImpl.connection_connect(FilterChainImpl.java:150)
	at com.alibaba.druid.pool.DruidAbstractDataSource.createPhysicalConnection(DruidAbstractDataSource.java:1560)
	at com.alibaba.druid.pool.DruidAbstractDataSource.createPhysicalConnection(DruidAbstractDataSource.java:1623)
	at com.alibaba.druid.pool.DruidDataSource$CreateConnectionThread.run(DruidDataSource.java:2468)
2019-03-13_16 16:32:56.628 INFO  [main] org.springframework.context.annotation.AnnotationConfigApplicationContext - Refreshing org.springframework.context.annotation.AnnotationConfigApplicationContext@31f9b85e: startup date [Wed Mar 13 16:32:56 CST 2019]; root of context hierarchy
2019-03-13_16 16:32:56.800 INFO  [background-preinit] org.hibernate.validator.internal.util.Version - HV000001: Hibernate Validator 5.3.5.Final
2019-03-13_16 16:32:56.844 INFO  [main] org.springframework.beans.factory.annotation.AutowiredAnnotationBeanPostProcessor - JSR-330 'javax.inject.Inject' annotation found and supported for autowiring
2019-03-13_16 16:32:56.915 INFO  [main] org.springframework.context.support.PostProcessorRegistrationDelegate$BeanPostProcessorChecker - Bean 'configurationPropertiesRebinderAutoConfiguration' of type [org.springframework.cloud.autoconfigure.ConfigurationPropertiesRebinderAutoConfiguration$$EnhancerBySpringCGLIB$$5932b9bf] is not eligible for getting processed by all BeanPostProcessors (for example: not eligible for auto-proxying)
2019-03-13_16 16:32:57.186 INFO  [main] demik.springcloud.eureka7001.Eureka7001Application - No active profile set, falling back to default profiles: default
2019-03-13_16 16:32:57.199 INFO  [main] org.springframework.boot.context.embedded.AnnotationConfigEmbeddedWebApplicationContext - Refreshing org.springframework.boot.context.embedded.AnnotationConfigEmbeddedWebApplicationContext@70ab2d48: startup date [Wed Mar 13 16:32:57 CST 2019]; parent: org.springframework.context.annotation.AnnotationConfigApplicationContext@31f9b85e
2019-03-13_16 16:32:57.880 WARN  [main] org.mybatis.spring.mapper.ClassPathMapperScanner - No MyBatis mapper was found in '[demik.springcloud.eureka7001]' package. Please check your configuration.
2019-03-13_16 16:32:58.202 INFO  [main] org.springframework.cloud.context.scope.GenericScope - BeanFactory id=9b1a890c-461b-3402-97a7-57af619c1929
2019-03-13_16 16:32:58.222 INFO  [main] org.springframework.beans.factory.annotation.AutowiredAnnotationBeanPostProcessor - JSR-330 'javax.inject.Inject' annotation found and supported for autowiring
2019-03-13_16 16:32:58.347 INFO  [main] org.springframework.context.support.PostProcessorRegistrationDelegate$BeanPostProcessorChecker - Bean 'org.springframework.transaction.annotation.ProxyTransactionManagementConfiguration' of type [org.springframework.transaction.annotation.ProxyTransactionManagementConfiguration$$EnhancerBySpringCGLIB$$3d18b6c2] is not eligible for getting processed by all BeanPostProcessors (for example: not eligible for auto-proxying)
2019-03-13_16 16:32:58.435 INFO  [main] org.springframework.context.support.PostProcessorRegistrationDelegate$BeanPostProcessorChecker - Bean 'org.springframework.cloud.netflix.metrics.MetricsInterceptorConfiguration$MetricsRestTemplateConfiguration' of type [org.springframework.cloud.netflix.metrics.MetricsInterceptorConfiguration$MetricsRestTemplateConfiguration$$EnhancerBySpringCGLIB$$6f455d03] is not eligible for getting processed by all BeanPostProcessors (for example: not eligible for auto-proxying)
2019-03-13_16 16:32:58.442 INFO  [main] org.springframework.context.support.PostProcessorRegistrationDelegate$BeanPostProcessorChecker - Bean 'org.springframework.cloud.autoconfigure.ConfigurationPropertiesRebinderAutoConfiguration' of type [org.springframework.cloud.autoconfigure.ConfigurationPropertiesRebinderAutoConfiguration$$EnhancerBySpringCGLIB$$5932b9bf] is not eligible for getting processed by all BeanPostProcessors (for example: not eligible for auto-proxying)
2019-03-13_16 16:32:58.759 INFO  [main] org.springframework.boot.context.embedded.tomcat.TomcatEmbeddedServletContainer - Tomcat initialized with port(s): 7001 (http)
2019-03-13_16 16:32:58.769 INFO  [main] org.apache.catalina.core.StandardService - Starting service [Tomcat]
2019-03-13_16 16:32:58.770 INFO  [main] org.apache.catalina.core.StandardEngine - Starting Servlet Engine: Apache Tomcat/8.5.20
2019-03-13_16 16:32:58.914 INFO  [localhost-startStop-1] org.apache.catalina.core.ContainerBase.[Tomcat].[localhost].[/] - Initializing Spring embedded WebApplicationContext
2019-03-13_16 16:32:58.914 INFO  [localhost-startStop-1] org.springframework.web.context.ContextLoader - Root WebApplicationContext: initialization completed in 1715 ms
2019-03-13_16 16:32:59.384 INFO  [localhost-startStop-1] org.springframework.boot.web.servlet.FilterRegistrationBean - Mapping filter: 'metricsFilter' to: [/*]
2019-03-13_16 16:32:59.384 INFO  [localhost-startStop-1] org.springframework.boot.web.servlet.FilterRegistrationBean - Mapping filter: 'characterEncodingFilter' to: [/*]
2019-03-13_16 16:32:59.384 INFO  [localhost-startStop-1] org.springframework.boot.web.servlet.FilterRegistrationBean - Mapping filter: 'hiddenHttpMethodFilter' to: [/*]
2019-03-13_16 16:32:59.384 INFO  [localhost-startStop-1] org.springframework.boot.web.servlet.FilterRegistrationBean - Mapping filter: 'httpPutFormContentFilter' to: [/*]
2019-03-13_16 16:32:59.384 INFO  [localhost-startStop-1] org.springframework.boot.web.servlet.FilterRegistrationBean - Mapping filter: 'requestContextFilter' to: [/*]
2019-03-13_16 16:32:59.384 INFO  [localhost-startStop-1] org.springframework.boot.web.servlet.FilterRegistrationBean - Mapping filter: 'webRequestTraceFilter' to: [/*]
2019-03-13_16 16:32:59.384 INFO  [localhost-startStop-1] org.springframework.boot.web.servlet.FilterRegistrationBean - Mapping filter: 'webStatFilter' to urls: [/*]
2019-03-13_16 16:32:59.384 INFO  [localhost-startStop-1] org.springframework.boot.web.servlet.FilterRegistrationBean - Mapping filter: 'servletContainer' to urls: [/eureka/*]
2019-03-13_16 16:32:59.385 INFO  [localhost-startStop-1] org.springframework.boot.web.servlet.FilterRegistrationBean - Mapping filter: 'applicationContextIdFilter' to: [/*]
2019-03-13_16 16:32:59.385 INFO  [localhost-startStop-1] org.springframework.boot.web.servlet.ServletRegistrationBean - Mapping servlet: 'dispatcherServlet' to [/]
2019-03-13_16 16:32:59.386 INFO  [localhost-startStop-1] org.springframework.boot.web.servlet.ServletRegistrationBean - Mapping servlet: 'statViewServlet' to [/druid/*]
2019-03-13_16 16:32:59.461 INFO  [localhost-startStop-1] com.sun.jersey.server.impl.application.WebApplicationImpl - Initiating Jersey application, version 'Jersey: 1.19.1 03/11/2016 02:08 PM'
2019-03-13_16 16:32:59.529 INFO  [localhost-startStop-1] com.netflix.discovery.provider.DiscoveryJerseyProvider - Using JSON encoding codec LegacyJacksonJson
2019-03-13_16 16:32:59.529 INFO  [localhost-startStop-1] com.netflix.discovery.provider.DiscoveryJerseyProvider - Using JSON decoding codec LegacyJacksonJson
2019-03-13_16 16:32:59.615 INFO  [localhost-startStop-1] com.netflix.discovery.provider.DiscoveryJerseyProvider - Using XML encoding codec XStreamXml
2019-03-13_16 16:32:59.615 INFO  [localhost-startStop-1] com.netflix.discovery.provider.DiscoveryJerseyProvider - Using XML decoding codec XStreamXml
2019-03-13_16 16:32:59.965 INFO  [main] com.alibaba.druid.spring.boot.autoconfigure.DruidDataSourceAutoConfigure - Init DruidDataSource
2019-03-13_16 16:33:00.315 INFO  [main] com.alibaba.druid.pool.DruidDataSource - {dataSource-1} inited
2019-03-13_16 16:33:00.596 INFO  [main] org.springframework.orm.jpa.LocalContainerEntityManagerFactoryBean - Building JPA container EntityManagerFactory for persistence unit 'default'
2019-03-13_16 16:33:00.610 INFO  [main] org.hibernate.jpa.internal.util.LogHelper - HHH000204: Processing PersistenceUnitInfo [
	name: default
	...]
2019-03-13_16 16:33:00.685 INFO  [main] org.hibernate.Version - HHH000412: Hibernate Core {5.0.12.Final}
2019-03-13_16 16:33:00.686 INFO  [main] org.hibernate.cfg.Environment - HHH000206: hibernate.properties not found
2019-03-13_16 16:33:00.688 INFO  [main] org.hibernate.cfg.Environment - HHH000021: Bytecode provider name : javassist
2019-03-13_16 16:33:00.699 INFO  [main] org.hibernate.spatial.integration.SpatialService - HHH80000001: hibernate-spatial integration enabled : true
2019-03-13_16 16:33:00.738 INFO  [main] org.hibernate.annotations.common.Version - HCANN000001: Hibernate Commons Annotations {5.0.1.Final}
2019-03-13_16 16:33:00.848 INFO  [main] org.hibernate.dialect.Dialect - HHH000400: Using dialect: org.hibernate.dialect.MySQL5Dialect
2019-03-13_16 16:33:01.074 INFO  [main] org.springframework.orm.jpa.LocalContainerEntityManagerFactoryBean - Initialized JPA EntityManagerFactory for persistence unit 'default'
2019-03-13_16 16:33:01.291 WARN  [main] org.springframework.cloud.netflix.archaius.ArchaiusAutoConfiguration - No spring.application.name found, defaulting to 'application'
2019-03-13_16 16:33:01.293 WARN  [main] com.netflix.config.sources.URLConfigurationSource - No URLs will be polled as dynamic configuration sources.
2019-03-13_16 16:33:01.293 INFO  [main] com.netflix.config.sources.URLConfigurationSource - To enable URLs as dynamic configuration sources, define System property archaius.configurationSource.additionalUrls or make config.properties available on classpath.
2019-03-13_16 16:33:01.300 WARN  [main] com.netflix.config.sources.URLConfigurationSource - No URLs will be polled as dynamic configuration sources.
2019-03-13_16 16:33:01.300 INFO  [main] com.netflix.config.sources.URLConfigurationSource - To enable URLs as dynamic configuration sources, define System property archaius.configurationSource.additionalUrls or make config.properties available on classpath.
2019-03-13_16 16:33:01.545 INFO  [main] org.springframework.web.servlet.mvc.method.annotation.RequestMappingHandlerAdapter - Looking for @ControllerAdvice: org.springframework.boot.context.embedded.AnnotationConfigEmbeddedWebApplicationContext@70ab2d48: startup date [Wed Mar 13 16:32:57 CST 2019]; parent: org.springframework.context.annotation.AnnotationConfigApplicationContext@31f9b85e
2019-03-13_16 16:33:01.646 INFO  [main] org.springframework.web.servlet.mvc.method.annotation.RequestMappingHandlerMapping - Mapped "{[/error]}" onto public org.springframework.http.ResponseEntity<java.util.Map<java.lang.String, java.lang.Object>> org.springframework.boot.autoconfigure.web.BasicErrorController.error(javax.servlet.http.HttpServletRequest)
2019-03-13_16 16:33:01.646 INFO  [main] org.springframework.web.servlet.mvc.method.annotation.RequestMappingHandlerMapping - Mapped "{[/error],produces=[text/html]}" onto public org.springframework.web.servlet.ModelAndView org.springframework.boot.autoconfigure.web.BasicErrorController.errorHtml(javax.servlet.http.HttpServletRequest,javax.servlet.http.HttpServletResponse)
2019-03-13_16 16:33:01.651 INFO  [main] org.springframework.web.servlet.mvc.method.annotation.RequestMappingHandlerMapping - Mapped "{[/],methods=[GET]}" onto public java.lang.String org.springframework.cloud.netflix.eureka.server.EurekaController.status(javax.servlet.http.HttpServletRequest,java.util.Map<java.lang.String, java.lang.Object>)
2019-03-13_16 16:33:01.652 INFO  [main] org.springframework.web.servlet.mvc.method.annotation.RequestMappingHandlerMapping - Mapped "{[/lastn],methods=[GET]}" onto public java.lang.String org.springframework.cloud.netflix.eureka.server.EurekaController.lastn(javax.servlet.http.HttpServletRequest,java.util.Map<java.lang.String, java.lang.Object>)
2019-03-13_16 16:33:01.678 INFO  [main] org.springframework.web.servlet.handler.SimpleUrlHandlerMapping - Mapped URL path [/webjars/**] onto handler of type [class org.springframework.web.servlet.resource.ResourceHttpRequestHandler]
2019-03-13_16 16:33:01.678 INFO  [main] org.springframework.web.servlet.handler.SimpleUrlHandlerMapping - Mapped URL path [/**] onto handler of type [class org.springframework.web.servlet.resource.ResourceHttpRequestHandler]
2019-03-13_16 16:33:01.718 INFO  [main] org.springframework.web.servlet.handler.SimpleUrlHandlerMapping - Mapped URL path [/**/favicon.ico] onto handler of type [class org.springframework.web.servlet.resource.ResourceHttpRequestHandler]
2019-03-13_16 16:33:02.355 INFO  [main] org.springframework.boot.actuate.endpoint.mvc.EndpointHandlerMapping - Mapped "{[/env],methods=[POST]}" onto public java.lang.Object org.springframework.cloud.context.environment.EnvironmentManagerMvcEndpoint.value(java.util.Map<java.lang.String, java.lang.String>)
2019-03-13_16 16:33:02.355 INFO  [main] org.springframework.boot.actuate.endpoint.mvc.EndpointHandlerMapping - Mapped "{[/env/reset],methods=[POST]}" onto public java.util.Map<java.lang.String, java.lang.Object> org.springframework.cloud.context.environment.EnvironmentManagerMvcEndpoint.reset()
2019-03-13_16 16:33:02.356 INFO  [main] org.springframework.boot.actuate.endpoint.mvc.EndpointHandlerMapping - Mapped "{[/resume || /resume.json],methods=[POST]}" onto public java.lang.Object org.springframework.cloud.endpoint.GenericPostableMvcEndpoint.invoke()
2019-03-13_16 16:33:02.356 INFO  [main] org.springframework.boot.actuate.endpoint.mvc.EndpointHandlerMapping - Mapped "{[/autoconfig || /autoconfig.json],methods=[GET],produces=[application/vnd.spring-boot.actuator.v1+json || application/json]}" onto public java.lang.Object org.springframework.boot.actuate.endpoint.mvc.EndpointMvcAdapter.invoke()
2019-03-13_16 16:33:02.357 INFO  [main] org.springframework.boot.actuate.endpoint.mvc.EndpointHandlerMapping - Mapped "{[/pause || /pause.json],methods=[POST]}" onto public java.lang.Object org.springframework.cloud.endpoint.GenericPostableMvcEndpoint.invoke()
2019-03-13_16 16:33:02.357 INFO  [main] org.springframework.boot.actuate.endpoint.mvc.EndpointHandlerMapping - Mapped "{[/heapdump || /heapdump.json],methods=[GET],produces=[application/octet-stream]}" onto public void org.springframework.boot.actuate.endpoint.mvc.HeapdumpMvcEndpoint.invoke(boolean,javax.servlet.http.HttpServletRequest,javax.servlet.http.HttpServletResponse) throws java.io.IOException,javax.servlet.ServletException
2019-03-13_16 16:33:02.358 INFO  [main] org.springframework.boot.actuate.endpoint.mvc.EndpointHandlerMapping - Mapped "{[/auditevents || /auditevents.json],methods=[GET],produces=[application/vnd.spring-boot.actuator.v1+json || application/json]}" onto public org.springframework.http.ResponseEntity<?> org.springframework.boot.actuate.endpoint.mvc.AuditEventsMvcEndpoint.findByPrincipalAndAfterAndType(java.lang.String,java.util.Date,java.lang.String)
2019-03-13_16 16:33:02.358 INFO  [main] org.springframework.boot.actuate.endpoint.mvc.EndpointHandlerMapping - Mapped "{[/mappings || /mappings.json],methods=[GET],produces=[application/vnd.spring-boot.actuator.v1+json || application/json]}" onto public java.lang.Object org.springframework.boot.actuate.endpoint.mvc.EndpointMvcAdapter.invoke()
2019-03-13_16 16:33:02.359 INFO  [main] org.springframework.boot.actuate.endpoint.mvc.EndpointHandlerMapping - Mapped "{[/refresh || /refresh.json],methods=[POST]}" onto public java.lang.Object org.springframework.cloud.endpoint.GenericPostableMvcEndpoint.invoke()
2019-03-13_16 16:33:02.360 INFO  [main] org.springframework.boot.actuate.endpoint.mvc.EndpointHandlerMapping - Mapped "{[/service-registry/instance-status],methods=[GET]}" onto public org.springframework.http.ResponseEntity org.springframework.cloud.client.serviceregistry.endpoint.ServiceRegistryEndpoint.getStatus()
2019-03-13_16 16:33:02.360 INFO  [main] org.springframework.boot.actuate.endpoint.mvc.EndpointHandlerMapping - Mapped "{[/service-registry/instance-status],methods=[POST]}" onto public org.springframework.http.ResponseEntity<?> org.springframework.cloud.client.serviceregistry.endpoint.ServiceRegistryEndpoint.setStatus(java.lang.String)
2019-03-13_16 16:33:02.360 INFO  [main] org.springframework.boot.actuate.endpoint.mvc.EndpointHandlerMapping - Mapped "{[/dump || /dump.json],methods=[GET],produces=[application/vnd.spring-boot.actuator.v1+json || application/json]}" onto public java.lang.Object org.springframework.boot.actuate.endpoint.mvc.EndpointMvcAdapter.invoke()
2019-03-13_16 16:33:02.361 INFO  [main] org.springframework.boot.actuate.endpoint.mvc.EndpointHandlerMapping - Mapped "{[/metrics/{name:.*}],methods=[GET],produces=[application/vnd.spring-boot.actuator.v1+json || application/json]}" onto public java.lang.Object org.springframework.boot.actuate.endpoint.mvc.MetricsMvcEndpoint.value(java.lang.String)
2019-03-13_16 16:33:02.361 INFO  [main] org.springframework.boot.actuate.endpoint.mvc.EndpointHandlerMapping - Mapped "{[/metrics || /metrics.json],methods=[GET],produces=[application/vnd.spring-boot.actuator.v1+json || application/json]}" onto public java.lang.Object org.springframework.boot.actuate.endpoint.mvc.EndpointMvcAdapter.invoke()
2019-03-13_16 16:33:02.362 INFO  [main] org.springframework.boot.actuate.endpoint.mvc.EndpointHandlerMapping - Mapped "{[/archaius || /archaius.json],methods=[GET],produces=[application/vnd.spring-boot.actuator.v1+json || application/json]}" onto public java.lang.Object org.springframework.boot.actuate.endpoint.mvc.EndpointMvcAdapter.invoke()
2019-03-13_16 16:33:02.362 INFO  [main] org.springframework.boot.actuate.endpoint.mvc.EndpointHandlerMapping - Mapped "{[/features || /features.json],methods=[GET],produces=[application/vnd.spring-boot.actuator.v1+json || application/json]}" onto public java.lang.Object org.springframework.boot.actuate.endpoint.mvc.EndpointMvcAdapter.invoke()
2019-03-13_16 16:33:02.363 INFO  [main] org.springframework.boot.actuate.endpoint.mvc.EndpointHandlerMapping - Mapped "{[/configprops || /configprops.json],methods=[GET],produces=[application/vnd.spring-boot.actuator.v1+json || application/json]}" onto public java.lang.Object org.springframework.boot.actuate.endpoint.mvc.EndpointMvcAdapter.invoke()
2019-03-13_16 16:33:02.364 INFO  [main] org.springframework.boot.actuate.endpoint.mvc.EndpointHandlerMapping - Mapped "{[/loggers/{name:.*}],methods=[GET],produces=[application/vnd.spring-boot.actuator.v1+json || application/json]}" onto public java.lang.Object org.springframework.boot.actuate.endpoint.mvc.LoggersMvcEndpoint.get(java.lang.String)
2019-03-13_16 16:33:02.364 INFO  [main] org.springframework.boot.actuate.endpoint.mvc.EndpointHandlerMapping - Mapped "{[/loggers/{name:.*}],methods=[POST],consumes=[application/vnd.spring-boot.actuator.v1+json || application/json],produces=[application/vnd.spring-boot.actuator.v1+json || application/json]}" onto public java.lang.Object org.springframework.boot.actuate.endpoint.mvc.LoggersMvcEndpoint.set(java.lang.String,java.util.Map<java.lang.String, java.lang.String>)
2019-03-13_16 16:33:02.364 INFO  [main] org.springframework.boot.actuate.endpoint.mvc.EndpointHandlerMapping - Mapped "{[/loggers || /loggers.json],methods=[GET],produces=[application/vnd.spring-boot.actuator.v1+json || application/json]}" onto public java.lang.Object org.springframework.boot.actuate.endpoint.mvc.EndpointMvcAdapter.invoke()
2019-03-13_16 16:33:02.365 INFO  [main] org.springframework.boot.actuate.endpoint.mvc.EndpointHandlerMapping - Mapped "{[/trace || /trace.json],methods=[GET],produces=[application/vnd.spring-boot.actuator.v1+json || application/json]}" onto public java.lang.Object org.springframework.boot.actuate.endpoint.mvc.EndpointMvcAdapter.invoke()
2019-03-13_16 16:33:02.365 INFO  [main] org.springframework.boot.actuate.endpoint.mvc.EndpointHandlerMapping - Mapped "{[/health || /health.json],methods=[GET],produces=[application/vnd.spring-boot.actuator.v1+json || application/json]}" onto public java.lang.Object org.springframework.boot.actuate.endpoint.mvc.HealthMvcEndpoint.invoke(javax.servlet.http.HttpServletRequest,java.security.Principal)
2019-03-13_16 16:33:02.365 INFO  [main] org.springframework.boot.actuate.endpoint.mvc.EndpointHandlerMapping - Mapped "{[/env/{name:.*}],methods=[GET],produces=[application/vnd.spring-boot.actuator.v1+json || application/json]}" onto public java.lang.Object org.springframework.boot.actuate.endpoint.mvc.EnvironmentMvcEndpoint.value(java.lang.String)
2019-03-13_16 16:33:02.365 INFO  [main] org.springframework.boot.actuate.endpoint.mvc.EndpointHandlerMapping - Mapped "{[/env || /env.json],methods=[GET],produces=[application/vnd.spring-boot.actuator.v1+json || application/json]}" onto public java.lang.Object org.springframework.boot.actuate.endpoint.mvc.EndpointMvcAdapter.invoke()
2019-03-13_16 16:33:02.366 INFO  [main] org.springframework.boot.actuate.endpoint.mvc.EndpointHandlerMapping - Mapped "{[/restart || /restart.json],methods=[POST]}" onto public java.lang.Object org.springframework.cloud.context.restart.RestartMvcEndpoint.invoke()
2019-03-13_16 16:33:02.366 INFO  [main] org.springframework.boot.actuate.endpoint.mvc.EndpointHandlerMapping - Mapped "{[/beans || /beans.json],methods=[GET],produces=[application/vnd.spring-boot.actuator.v1+json || application/json]}" onto public java.lang.Object org.springframework.boot.actuate.endpoint.mvc.EndpointMvcAdapter.invoke()
2019-03-13_16 16:33:02.367 INFO  [main] org.springframework.boot.actuate.endpoint.mvc.EndpointHandlerMapping - Mapped "{[/info || /info.json],methods=[GET],produces=[application/vnd.spring-boot.actuator.v1+json || application/json]}" onto public java.lang.Object org.springframework.boot.actuate.endpoint.mvc.EndpointMvcAdapter.invoke()
2019-03-13_16 16:33:02.492 INFO  [main] org.springframework.ui.freemarker.SpringTemplateLoader - SpringTemplateLoader for FreeMarker: using resource loader [org.springframework.boot.context.embedded.AnnotationConfigEmbeddedWebApplicationContext@70ab2d48: startup date [Wed Mar 13 16:32:57 CST 2019]; parent: org.springframework.context.annotation.AnnotationConfigApplicationContext@31f9b85e] and template loader path [classpath:/templates/]
2019-03-13_16 16:33:02.493 INFO  [main] org.springframework.web.servlet.view.freemarker.FreeMarkerConfigurer - ClassTemplateLoader for Spring macros added to FreeMarker configuration
2019-03-13_16 16:33:02.635 INFO  [main] org.springframework.cloud.netflix.eureka.InstanceInfoFactory - Setting initial instance status as: STARTING
2019-03-13_16 16:33:02.663 INFO  [main] com.netflix.discovery.DiscoveryClient - Initializing Eureka in region us-east-1
2019-03-13_16 16:33:02.664 INFO  [main] com.netflix.discovery.DiscoveryClient - Client configured to neither register nor query for data.
2019-03-13_16 16:33:02.671 INFO  [main] com.netflix.discovery.DiscoveryClient - Discovery Client initialized at timestamp 1552465982671 with initial instances count: 0
2019-03-13_16 16:33:02.710 INFO  [main] com.netflix.eureka.DefaultEurekaServerContext - Initializing ...
2019-03-13_16 16:33:02.711 INFO  [main] com.netflix.eureka.cluster.PeerEurekaNodes - Adding new peer nodes [http://peer3:7003/eureka/, http://peer2:7002/eureka/]
2019-03-13_16 16:33:02.913 INFO  [main] com.netflix.discovery.provider.DiscoveryJerseyProvider - Using JSON encoding codec LegacyJacksonJson
2019-03-13_16 16:33:02.913 INFO  [main] com.netflix.discovery.provider.DiscoveryJerseyProvider - Using JSON decoding codec LegacyJacksonJson
2019-03-13_16 16:33:02.913 INFO  [main] com.netflix.discovery.provider.DiscoveryJerseyProvider - Using XML encoding codec XStreamXml
2019-03-13_16 16:33:02.913 INFO  [main] com.netflix.discovery.provider.DiscoveryJerseyProvider - Using XML decoding codec XStreamXml
2019-03-13_16 16:33:03.008 INFO  [main] com.netflix.discovery.provider.DiscoveryJerseyProvider - Using JSON encoding codec LegacyJacksonJson
2019-03-13_16 16:33:03.008 INFO  [main] com.netflix.discovery.provider.DiscoveryJerseyProvider - Using JSON decoding codec LegacyJacksonJson
2019-03-13_16 16:33:03.008 INFO  [main] com.netflix.discovery.provider.DiscoveryJerseyProvider - Using XML encoding codec XStreamXml
2019-03-13_16 16:33:03.008 INFO  [main] com.netflix.discovery.provider.DiscoveryJerseyProvider - Using XML decoding codec XStreamXml
2019-03-13_16 16:33:03.057 INFO  [main] com.netflix.eureka.cluster.PeerEurekaNodes - Replica node URL:  http://peer3:7003/eureka/
2019-03-13_16 16:33:03.057 INFO  [main] com.netflix.eureka.cluster.PeerEurekaNodes - Replica node URL:  http://peer2:7002/eureka/
2019-03-13_16 16:33:03.062 INFO  [main] com.netflix.eureka.registry.AbstractInstanceRegistry - Finished initializing remote region registries. All known remote regions: []
2019-03-13_16 16:33:03.062 INFO  [main] com.netflix.eureka.DefaultEurekaServerContext - Initialized
2019-03-13_16 16:33:03.139 INFO  [main] org.springframework.jmx.export.annotation.AnnotationMBeanExporter - Registering beans for JMX exposure on startup
2019-03-13_16 16:33:03.141 INFO  [main] org.springframework.jmx.export.annotation.AnnotationMBeanExporter - Bean with name 'statFilter' has been autodetected for JMX exposure
2019-03-13_16 16:33:03.141 INFO  [main] org.springframework.jmx.export.annotation.AnnotationMBeanExporter - Bean with name 'dataSource' has been autodetected for JMX exposure
2019-03-13_16 16:33:03.147 INFO  [main] org.springframework.jmx.export.annotation.AnnotationMBeanExporter - Bean with name 'environmentManager' has been autodetected for JMX exposure
2019-03-13_16 16:33:03.149 INFO  [main] org.springframework.jmx.export.annotation.AnnotationMBeanExporter - Bean with name 'configurationPropertiesRebinder' has been autodetected for JMX exposure
2019-03-13_16 16:33:03.149 INFO  [main] org.springframework.jmx.export.annotation.AnnotationMBeanExporter - Bean with name 'refreshEndpoint' has been autodetected for JMX exposure
2019-03-13_16 16:33:03.150 INFO  [main] org.springframework.jmx.export.annotation.AnnotationMBeanExporter - Bean with name 'restartEndpoint' has been autodetected for JMX exposure
2019-03-13_16 16:33:03.150 INFO  [main] org.springframework.jmx.export.annotation.AnnotationMBeanExporter - Bean with name 'serviceRegistryEndpoint' has been autodetected for JMX exposure
2019-03-13_16 16:33:03.151 INFO  [main] org.springframework.jmx.export.annotation.AnnotationMBeanExporter - Bean with name 'refreshScope' has been autodetected for JMX exposure
2019-03-13_16 16:33:03.153 INFO  [main] org.springframework.jmx.export.annotation.AnnotationMBeanExporter - Located managed bean 'environmentManager': registering with JMX server as MBean [org.springframework.cloud.context.environment:name=environmentManager,type=EnvironmentManager]
2019-03-13_16 16:33:03.167 INFO  [main] org.springframework.jmx.export.annotation.AnnotationMBeanExporter - Located managed bean 'restartEndpoint': registering with JMX server as MBean [org.springframework.cloud.context.restart:name=restartEndpoint,type=RestartEndpoint]
2019-03-13_16 16:33:03.174 INFO  [main] org.springframework.jmx.export.annotation.AnnotationMBeanExporter - Located managed bean 'serviceRegistryEndpoint': registering with JMX server as MBean [org.springframework.cloud.client.serviceregistry.endpoint:name=serviceRegistryEndpoint,type=ServiceRegistryEndpoint]
2019-03-13_16 16:33:03.178 INFO  [main] org.springframework.jmx.export.annotation.AnnotationMBeanExporter - Located managed bean 'refreshScope': registering with JMX server as MBean [org.springframework.cloud.context.scope.refresh:name=refreshScope,type=RefreshScope]
2019-03-13_16 16:33:03.186 INFO  [main] org.springframework.jmx.export.annotation.AnnotationMBeanExporter - Located managed bean 'configurationPropertiesRebinder': registering with JMX server as MBean [org.springframework.cloud.context.properties:name=configurationPropertiesRebinder,context=70ab2d48,type=ConfigurationPropertiesRebinder]
2019-03-13_16 16:33:03.190 INFO  [main] org.springframework.jmx.export.annotation.AnnotationMBeanExporter - Located MBean 'dataSource': registering with JMX server as MBean [com.alibaba.druid.spring.boot.autoconfigure:name=dataSource,type=DruidDataSourceWrapper]
2019-03-13_16 16:33:03.191 INFO  [main] org.springframework.jmx.export.annotation.AnnotationMBeanExporter - Located managed bean 'refreshEndpoint': registering with JMX server as MBean [org.springframework.cloud.endpoint:name=refreshEndpoint,type=RefreshEndpoint]
2019-03-13_16 16:33:03.192 INFO  [main] org.springframework.jmx.export.annotation.AnnotationMBeanExporter - Located MBean 'statFilter': registering with JMX server as MBean [com.alibaba.druid.filter.stat:name=statFilter,type=StatFilter]
2019-03-13_16 16:33:03.193 INFO  [main] org.springframework.boot.actuate.endpoint.jmx.EndpointMBeanExporter - Registering beans for JMX exposure on startup
2019-03-13_16 16:33:03.556 INFO  [main] org.springframework.context.support.DefaultLifecycleProcessor - Starting beans in phase 0
2019-03-13_16 16:33:03.556 INFO  [main] org.springframework.cloud.netflix.eureka.serviceregistry.EurekaServiceRegistry - Registering application unknown with eureka with status UP
2019-03-13_16 16:33:03.559 INFO  [main] org.springframework.boot.actuate.endpoint.jmx.EndpointMBeanExporter - Located managed bean 'auditEventsEndpoint': registering with JMX server as MBean [org.springframework.boot:type=Endpoint,name=auditEventsEndpoint]
2019-03-13_16 16:33:03.563 INFO  [main] org.springframework.boot.actuate.endpoint.jmx.EndpointMBeanExporter - Located managed bean 'archaiusEndpoint': registering with JMX server as MBean [org.springframework.boot:type=Endpoint,name=archaiusEndpoint]
2019-03-13_16 16:33:03.567 INFO  [main] org.springframework.boot.actuate.endpoint.jmx.EndpointMBeanExporter - Located managed bean 'featuresEndpoint': registering with JMX server as MBean [org.springframework.boot:type=Endpoint,name=featuresEndpoint]
2019-03-13_16 16:33:03.569 INFO  [main] org.springframework.boot.actuate.endpoint.jmx.EndpointMBeanExporter - Located managed bean 'requestMappingEndpoint': registering with JMX server as MBean [org.springframework.boot:type=Endpoint,name=requestMappingEndpoint]
2019-03-13_16 16:33:03.571 INFO  [main] org.springframework.boot.actuate.endpoint.jmx.EndpointMBeanExporter - Located managed bean 'environmentEndpoint': registering with JMX server as MBean [org.springframework.boot:type=Endpoint,name=environmentEndpoint]
2019-03-13_16 16:33:03.573 INFO  [main] org.springframework.boot.actuate.endpoint.jmx.EndpointMBeanExporter - Located managed bean 'healthEndpoint': registering with JMX server as MBean [org.springframework.boot:type=Endpoint,name=healthEndpoint]
2019-03-13_16 16:33:03.575 INFO  [main] org.springframework.boot.actuate.endpoint.jmx.EndpointMBeanExporter - Located managed bean 'beansEndpoint': registering with JMX server as MBean [org.springframework.boot:type=Endpoint,name=beansEndpoint]
2019-03-13_16 16:33:03.577 INFO  [main] org.springframework.boot.actuate.endpoint.jmx.EndpointMBeanExporter - Located managed bean 'infoEndpoint': registering with JMX server as MBean [org.springframework.boot:type=Endpoint,name=infoEndpoint]
2019-03-13_16 16:33:03.579 INFO  [main] org.springframework.boot.actuate.endpoint.jmx.EndpointMBeanExporter - Located managed bean 'loggersEndpoint': registering with JMX server as MBean [org.springframework.boot:type=Endpoint,name=loggersEndpoint]
2019-03-13_16 16:33:03.583 INFO  [main] org.springframework.boot.actuate.endpoint.jmx.EndpointMBeanExporter - Located managed bean 'metricsEndpoint': registering with JMX server as MBean [org.springframework.boot:type=Endpoint,name=metricsEndpoint]
2019-03-13_16 16:33:03.584 INFO  [main] org.springframework.boot.actuate.endpoint.jmx.EndpointMBeanExporter - Located managed bean 'traceEndpoint': registering with JMX server as MBean [org.springframework.boot:type=Endpoint,name=traceEndpoint]
2019-03-13_16 16:33:03.586 INFO  [main] org.springframework.boot.actuate.endpoint.jmx.EndpointMBeanExporter - Located managed bean 'dumpEndpoint': registering with JMX server as MBean [org.springframework.boot:type=Endpoint,name=dumpEndpoint]
2019-03-13_16 16:33:03.587 INFO  [main] org.springframework.boot.actuate.endpoint.jmx.EndpointMBeanExporter - Located managed bean 'autoConfigurationReportEndpoint': registering with JMX server as MBean [org.springframework.boot:type=Endpoint,name=autoConfigurationReportEndpoint]
2019-03-13_16 16:33:03.589 INFO  [main] org.springframework.boot.actuate.endpoint.jmx.EndpointMBeanExporter - Located managed bean 'configurationPropertiesReportEndpoint': registering with JMX server as MBean [org.springframework.boot:type=Endpoint,name=configurationPropertiesReportEndpoint]
2019-03-13_16 16:33:03.590 INFO  [Thread-26] org.springframework.cloud.netflix.eureka.server.EurekaServerBootstrap - Setting the eureka configuration..
2019-03-13_16 16:33:03.590 INFO  [Thread-26] org.springframework.cloud.netflix.eureka.server.EurekaServerBootstrap - Eureka data center value eureka.datacenter is not set, defaulting to default
2019-03-13_16 16:33:03.590 INFO  [Thread-26] org.springframework.cloud.netflix.eureka.server.EurekaServerBootstrap - Eureka environment value eureka.environment is not set, defaulting to test
2019-03-13_16 16:33:03.599 INFO  [Thread-26] org.springframework.cloud.netflix.eureka.server.EurekaServerBootstrap - isAws returned false
2019-03-13_16 16:33:03.599 INFO  [Thread-26] org.springframework.cloud.netflix.eureka.server.EurekaServerBootstrap - Initialized server context
2019-03-13_16 16:33:03.599 INFO  [Thread-26] com.netflix.eureka.registry.PeerAwareInstanceRegistryImpl - Got 1 instances from neighboring DS node
2019-03-13_16 16:33:03.600 INFO  [Thread-26] com.netflix.eureka.registry.PeerAwareInstanceRegistryImpl - Renew threshold is: 1
2019-03-13_16 16:33:03.600 INFO  [Thread-26] com.netflix.eureka.registry.PeerAwareInstanceRegistryImpl - Changing status to UP
2019-03-13_16 16:33:03.603 INFO  [Thread-26] org.springframework.cloud.netflix.eureka.server.EurekaServerInitializerConfiguration - Started Eureka Server
2019-03-13_16 16:33:03.607 INFO  [main] org.apache.coyote.http11.Http11NioProtocol - Initializing ProtocolHandler ["http-nio-7001"]
2019-03-13_16 16:33:03.615 INFO  [main] org.apache.coyote.http11.Http11NioProtocol - Starting ProtocolHandler ["http-nio-7001"]
2019-03-13_16 16:33:03.640 INFO  [main] org.apache.tomcat.util.net.NioSelectorPool - Using a shared selector for servlet write/read
2019-03-13_16 16:33:03.658 INFO  [main] org.springframework.boot.context.embedded.tomcat.TomcatEmbeddedServletContainer - Tomcat started on port(s): 7001 (http)
2019-03-13_16 16:33:03.658 INFO  [main] org.springframework.cloud.netflix.eureka.serviceregistry.EurekaAutoServiceRegistration - Updating port to 7001
2019-03-13_16 16:33:03.663 INFO  [main] demik.springcloud.eureka7001.Eureka7001Application - Started Eureka7001Application in 7.49 seconds (JVM running for 8.203)
2019-03-13_16 16:33:08.075 INFO  [Thread-28] org.springframework.boot.context.embedded.AnnotationConfigEmbeddedWebApplicationContext - Closing org.springframework.boot.context.embedded.AnnotationConfigEmbeddedWebApplicationContext@70ab2d48: startup date [Wed Mar 13 16:32:57 CST 2019]; parent: org.springframework.context.annotation.AnnotationConfigApplicationContext@31f9b85e
2019-03-13_16 16:33:08.076 INFO  [Thread-28] org.springframework.cloud.netflix.eureka.serviceregistry.EurekaServiceRegistry - Unregistering application unknown with eureka with status DOWN
2019-03-13_16 16:33:08.076 INFO  [Thread-28] com.netflix.discovery.DiscoveryClient - Shutting down DiscoveryClient ...
2019-03-13_16 16:33:08.076 INFO  [Thread-28] com.netflix.discovery.DiscoveryClient - Completed shut down of DiscoveryClient
2019-03-13_16 16:33:08.078 INFO  [Thread-28] org.springframework.context.support.DefaultLifecycleProcessor - Stopping beans in phase 0
2019-03-13_16 16:33:08.080 INFO  [Thread-28] com.netflix.eureka.DefaultEurekaServerContext - Shutting down ...
2019-03-13_16 16:33:08.086 INFO  [Thread-28] com.netflix.eureka.DefaultEurekaServerContext - Shut down
2019-03-13_16 16:33:08.088 INFO  [Thread-28] org.springframework.boot.actuate.endpoint.jmx.EndpointMBeanExporter - Unregistering JMX-exposed beans on shutdown
2019-03-13_16 16:33:08.088 INFO  [Thread-28] org.springframework.boot.actuate.endpoint.jmx.EndpointMBeanExporter - Unregistering JMX-exposed beans
2019-03-13_16 16:33:08.089 INFO  [Thread-28] org.springframework.jmx.export.annotation.AnnotationMBeanExporter - Unregistering JMX-exposed beans on shutdown
2019-03-13_16 16:33:08.089 INFO  [Thread-28] org.springframework.jmx.export.annotation.AnnotationMBeanExporter - Unregistering JMX-exposed beans
2019-03-13_16 16:33:08.091 INFO  [Thread-28] org.springframework.orm.jpa.LocalContainerEntityManagerFactoryBean - Closing JPA EntityManagerFactory for persistence unit 'default'
2019-03-13_16 16:33:08.095 INFO  [Thread-28] com.alibaba.druid.pool.DruidDataSource - {dataSource-1} closed
