2019-03-26_16 16:00:55.481 INFO  [Eureka-EvictionTimer] com.netflix.eureka.registry.AbstractInstanceRegistry - Running the evict task with compensationTime 1ms
2019-03-26_16 16:00:55.546 INFO  [Eureka-EvictionTimer] com.netflix.eureka.registry.AbstractInstanceRegistry - Running the evict task with compensationTime 3ms
2019-03-26_16 16:00:55.569 INFO  [Eureka-EvictionTimer] com.netflix.eureka.registry.AbstractInstanceRegistry - Running the evict task with compensationTime 1ms
2019-03-26_16 16:00:58.230 INFO  [AsyncResolver-bootstrap-executor-0] com.netflix.discovery.shared.resolver.aws.ConfigClusterResolver - Resolving eureka endpoints via configuration
2019-03-26_16 16:01:55.484 INFO  [Eureka-EvictionTimer] com.netflix.eureka.registry.AbstractInstanceRegistry - Running the evict task with compensationTime 3ms
2019-03-26_16 16:01:55.548 INFO  [Eureka-EvictionTimer] com.netflix.eureka.registry.AbstractInstanceRegistry - Running the evict task with compensationTime 2ms
2019-03-26_16 16:01:55.570 INFO  [Eureka-EvictionTimer] com.netflix.eureka.registry.AbstractInstanceRegistry - Running the evict task with compensationTime 1ms
2019-03-26_16 16:01:56.069 INFO  [AsyncResolver-bootstrap-executor-0] com.netflix.discovery.shared.resolver.aws.ConfigClusterResolver - Resolving eureka endpoints via configuration
2019-03-26_16 16:02:55.487 INFO  [Eureka-EvictionTimer] com.netflix.eureka.registry.AbstractInstanceRegistry - Running the evict task with compensationTime 4ms
2019-03-26_16 16:02:55.552 INFO  [Eureka-EvictionTimer] com.netflix.eureka.registry.AbstractInstanceRegistry - Running the evict task with compensationTime 5ms
2019-03-26_16 16:02:55.574 INFO  [Eureka-EvictionTimer] com.netflix.eureka.registry.AbstractInstanceRegistry - Running the evict task with compensationTime 4ms
2019-03-26_16 16:03:55.447 INFO  [AsyncResolver-bootstrap-executor-0] com.netflix.discovery.shared.resolver.aws.ConfigClusterResolver - Resolving eureka endpoints via configuration
2019-03-26_16 16:03:55.490 INFO  [Eureka-EvictionTimer] com.netflix.eureka.registry.AbstractInstanceRegistry - Running the evict task with compensationTime 2ms
2019-03-26_16 16:03:55.556 INFO  [Eureka-EvictionTimer] com.netflix.eureka.registry.AbstractInstanceRegistry - Running the evict task with compensationTime 4ms
2019-03-26_16 16:03:55.576 INFO  [Eureka-EvictionTimer] com.netflix.eureka.registry.AbstractInstanceRegistry - Running the evict task with compensationTime 2ms
2019-03-26_16 16:04:55.492 INFO  [Eureka-EvictionTimer] com.netflix.eureka.registry.AbstractInstanceRegistry - Running the evict task with compensationTime 3ms
2019-03-26_16 16:04:55.560 INFO  [Eureka-EvictionTimer] com.netflix.eureka.registry.AbstractInstanceRegistry - Running the evict task with compensationTime 4ms
2019-03-26_16 16:04:55.579 INFO  [Eureka-EvictionTimer] com.netflix.eureka.registry.AbstractInstanceRegistry - Running the evict task with compensationTime 4ms
2019-03-26_16 16:05:55.495 INFO  [Eureka-EvictionTimer] com.netflix.eureka.registry.AbstractInstanceRegistry - Running the evict task with compensationTime 3ms
2019-03-26_16 16:05:55.561 INFO  [Eureka-EvictionTimer] com.netflix.eureka.registry.AbstractInstanceRegistry - Running the evict task with compensationTime 2ms
2019-03-26_16 16:05:55.582 INFO  [Eureka-EvictionTimer] com.netflix.eureka.registry.AbstractInstanceRegistry - Running the evict task with compensationTime 4ms
2019-03-26_16 16:05:58.256 INFO  [AsyncResolver-bootstrap-executor-0] com.netflix.discovery.shared.resolver.aws.ConfigClusterResolver - Resolving eureka endpoints via configuration
2019-03-26_16 16:06:55.498 INFO  [Eureka-EvictionTimer] com.netflix.eureka.registry.AbstractInstanceRegistry - Running the evict task with compensationTime 3ms
2019-03-26_16 16:06:55.564 INFO  [Eureka-EvictionTimer] com.netflix.eureka.registry.AbstractInstanceRegistry - Running the evict task with compensationTime 3ms
2019-03-26_16 16:06:55.586 INFO  [Eureka-EvictionTimer] com.netflix.eureka.registry.AbstractInstanceRegistry - Running the evict task with compensationTime 4ms
2019-03-26_16 16:06:56.101 INFO  [AsyncResolver-bootstrap-executor-0] com.netflix.discovery.shared.resolver.aws.ConfigClusterResolver - Resolving eureka endpoints via configuration
2019-03-26_16 16:07:55.501 INFO  [Eureka-EvictionTimer] com.netflix.eureka.registry.AbstractInstanceRegistry - Running the evict task with compensationTime 3ms
2019-03-26_16 16:07:55.565 INFO  [Eureka-EvictionTimer] com.netflix.eureka.registry.AbstractInstanceRegistry - Running the evict task with compensationTime 2ms
2019-03-26_16 16:07:55.587 INFO  [Eureka-EvictionTimer] com.netflix.eureka.registry.AbstractInstanceRegistry - Running the evict task with compensationTime 2ms
2019-03-26_16 16:08:55.457 INFO  [AsyncResolver-bootstrap-executor-0] com.netflix.discovery.shared.resolver.aws.ConfigClusterResolver - Resolving eureka endpoints via configuration
2019-03-26_16 16:08:55.504 INFO  [Eureka-EvictionTimer] com.netflix.eureka.registry.AbstractInstanceRegistry - Running the evict task with compensationTime 4ms
2019-03-26_16 16:08:55.569 INFO  [Eureka-EvictionTimer] com.netflix.eureka.registry.AbstractInstanceRegistry - Running the evict task with compensationTime 4ms
2019-03-26_16 16:08:55.590 INFO  [Eureka-EvictionTimer] com.netflix.eureka.registry.AbstractInstanceRegistry - Running the evict task with compensationTime 4ms
2019-03-26_16 16:09:55.506 INFO  [Eureka-EvictionTimer] com.netflix.eureka.registry.AbstractInstanceRegistry - Running the evict task with compensationTime 2ms
2019-03-26_16 16:09:55.572 INFO  [Eureka-EvictionTimer] com.netflix.eureka.registry.AbstractInstanceRegistry - Running the evict task with compensationTime 3ms
2019-03-26_16 16:09:55.593 INFO  [Eureka-EvictionTimer] com.netflix.eureka.registry.AbstractInstanceRegistry - Running the evict task with compensationTime 3ms
2019-03-26_16 16:10:54.390 INFO  [ReplicaAwareInstanceRegistry - RenewalThresholdUpdater] com.netflix.eureka.registry.PeerAwareInstanceRegistryImpl - Current renewal threshold is : 6
2019-03-26_16 16:10:54.389 INFO  [ReplicaAwareInstanceRegistry - RenewalThresholdUpdater] com.netflix.eureka.registry.PeerAwareInstanceRegistryImpl - Current renewal threshold is : 6
2019-03-26_16 16:10:54.390 INFO  [ReplicaAwareInstanceRegistry - RenewalThresholdUpdater] com.netflix.eureka.registry.PeerAwareInstanceRegistryImpl - Current renewal threshold is : 6
2019-03-26_16 16:10:55.508 INFO  [Eureka-EvictionTimer] com.netflix.eureka.registry.AbstractInstanceRegistry - Running the evict task with compensationTime 3ms
2019-03-26_16 16:10:55.575 INFO  [Eureka-EvictionTimer] com.netflix.eureka.registry.AbstractInstanceRegistry - Running the evict task with compensationTime 3ms
2019-03-26_16 16:10:55.595 INFO  [Eureka-EvictionTimer] com.netflix.eureka.registry.AbstractInstanceRegistry - Running the evict task with compensationTime 2ms
2019-03-26_16 16:10:58.260 INFO  [AsyncResolver-bootstrap-executor-0] com.netflix.discovery.shared.resolver.aws.ConfigClusterResolver - Resolving eureka endpoints via configuration
2019-03-26_16 16:11:55.511 INFO  [Eureka-EvictionTimer] com.netflix.eureka.registry.AbstractInstanceRegistry - Running the evict task with compensationTime 3ms
2019-03-26_16 16:11:55.579 INFO  [Eureka-EvictionTimer] com.netflix.eureka.registry.AbstractInstanceRegistry - Running the evict task with compensationTime 5ms
2019-03-26_16 16:11:55.597 INFO  [Eureka-EvictionTimer] com.netflix.eureka.registry.AbstractInstanceRegistry - Running the evict task with compensationTime 2ms
2019-03-26_16 16:11:56.107 INFO  [AsyncResolver-bootstrap-executor-0] com.netflix.discovery.shared.resolver.aws.ConfigClusterResolver - Resolving eureka endpoints via configuration
2019-03-26_16 16:12:55.512 INFO  [Eureka-EvictionTimer] com.netflix.eureka.registry.AbstractInstanceRegistry - Running the evict task with compensationTime 2ms
2019-03-26_16 16:12:55.579 INFO  [Eureka-EvictionTimer] com.netflix.eureka.registry.AbstractInstanceRegistry - Running the evict task with compensationTime 1ms
2019-03-26_16 16:12:55.600 INFO  [Eureka-EvictionTimer] com.netflix.eureka.registry.AbstractInstanceRegistry - Running the evict task with compensationTime 3ms
2019-03-26_16 16:13:55.466 INFO  [AsyncResolver-bootstrap-executor-0] com.netflix.discovery.shared.resolver.aws.ConfigClusterResolver - Resolving eureka endpoints via configuration
2019-03-26_16 16:13:55.516 INFO  [Eureka-EvictionTimer] com.netflix.eureka.registry.AbstractInstanceRegistry - Running the evict task with compensationTime 4ms
2019-03-26_16 16:13:55.582 INFO  [Eureka-EvictionTimer] com.netflix.eureka.registry.AbstractInstanceRegistry - Running the evict task with compensationTime 3ms
2019-03-26_16 16:13:55.604 INFO  [Eureka-EvictionTimer] com.netflix.eureka.registry.AbstractInstanceRegistry - Running the evict task with compensationTime 4ms
2019-03-26_16 16:14:55.518 INFO  [Eureka-EvictionTimer] com.netflix.eureka.registry.AbstractInstanceRegistry - Running the evict task with compensationTime 2ms
2019-03-26_16 16:14:55.586 INFO  [Eureka-EvictionTimer] com.netflix.eureka.registry.AbstractInstanceRegistry - Running the evict task with compensationTime 4ms
2019-03-26_16 16:14:55.607 INFO  [Eureka-EvictionTimer] com.netflix.eureka.registry.AbstractInstanceRegistry - Running the evict task with compensationTime 3ms
2019-03-26_16 16:15:55.523 INFO  [Eureka-EvictionTimer] com.netflix.eureka.registry.AbstractInstanceRegistry - Running the evict task with compensationTime 5ms
2019-03-26_16 16:15:55.590 INFO  [Eureka-EvictionTimer] com.netflix.eureka.registry.AbstractInstanceRegistry - Running the evict task with compensationTime 4ms
2019-03-26_16 16:15:55.609 INFO  [Eureka-EvictionTimer] com.netflix.eureka.registry.AbstractInstanceRegistry - Running the evict task with compensationTime 3ms
2019-03-26_16 16:15:58.264 INFO  [AsyncResolver-bootstrap-executor-0] com.netflix.discovery.shared.resolver.aws.ConfigClusterResolver - Resolving eureka endpoints via configuration
2019-03-26_16 16:16:55.525 INFO  [Eureka-EvictionTimer] com.netflix.eureka.registry.AbstractInstanceRegistry - Running the evict task with compensationTime 2ms
2019-03-26_16 16:16:55.591 INFO  [Eureka-EvictionTimer] com.netflix.eureka.registry.AbstractInstanceRegistry - Running the evict task with compensationTime 1ms
2019-03-26_16 16:16:55.612 INFO  [Eureka-EvictionTimer] com.netflix.eureka.registry.AbstractInstanceRegistry - Running the evict task with compensationTime 4ms
2019-03-26_16 16:16:56.113 INFO  [AsyncResolver-bootstrap-executor-0] com.netflix.discovery.shared.resolver.aws.ConfigClusterResolver - Resolving eureka endpoints via configuration
2019-03-26_16 16:17:55.527 INFO  [Eureka-EvictionTimer] com.netflix.eureka.registry.AbstractInstanceRegistry - Running the evict task with compensationTime 3ms
2019-03-26_16 16:17:55.595 INFO  [Eureka-EvictionTimer] com.netflix.eureka.registry.AbstractInstanceRegistry - Running the evict task with compensationTime 5ms
2019-03-26_16 16:17:55.615 INFO  [Eureka-EvictionTimer] com.netflix.eureka.registry.AbstractInstanceRegistry - Running the evict task with compensationTime 3ms
2019-03-26_16 16:18:55.475 INFO  [AsyncResolver-bootstrap-executor-0] com.netflix.discovery.shared.resolver.aws.ConfigClusterResolver - Resolving eureka endpoints via configuration
2019-03-26_16 16:18:55.530 INFO  [Eureka-EvictionTimer] com.netflix.eureka.registry.AbstractInstanceRegistry - Running the evict task with compensationTime 3ms
2019-03-26_16 16:18:55.595 INFO  [Eureka-EvictionTimer] com.netflix.eureka.registry.AbstractInstanceRegistry - Running the evict task with compensationTime 0ms
2019-03-26_16 16:18:55.618 INFO  [Eureka-EvictionTimer] com.netflix.eureka.registry.AbstractInstanceRegistry - Running the evict task with compensationTime 4ms
2019-03-26_16 16:19:55.533 INFO  [Eureka-EvictionTimer] com.netflix.eureka.registry.AbstractInstanceRegistry - Running the evict task with compensationTime 4ms
2019-03-26_16 16:19:55.599 INFO  [Eureka-EvictionTimer] com.netflix.eureka.registry.AbstractInstanceRegistry - Running the evict task with compensationTime 5ms
2019-03-26_16 16:19:55.619 INFO  [Eureka-EvictionTimer] com.netflix.eureka.registry.AbstractInstanceRegistry - Running the evict task with compensationTime 1ms
2019-03-26_16 16:20:55.536 INFO  [Eureka-EvictionTimer] com.netflix.eureka.registry.AbstractInstanceRegistry - Running the evict task with compensationTime 3ms
2019-03-26_16 16:20:55.604 INFO  [Eureka-EvictionTimer] com.netflix.eureka.registry.AbstractInstanceRegistry - Running the evict task with compensationTime 5ms
2019-03-26_16 16:20:55.622 INFO  [Eureka-EvictionTimer] com.netflix.eureka.registry.AbstractInstanceRegistry - Running the evict task with compensationTime 3ms
2019-03-26_16 16:20:58.273 INFO  [AsyncResolver-bootstrap-executor-0] com.netflix.discovery.shared.resolver.aws.ConfigClusterResolver - Resolving eureka endpoints via configuration
2019-03-26_16 16:21:55.540 INFO  [Eureka-EvictionTimer] com.netflix.eureka.registry.AbstractInstanceRegistry - Running the evict task with compensationTime 4ms
2019-03-26_16 16:21:55.608 INFO  [Eureka-EvictionTimer] com.netflix.eureka.registry.AbstractInstanceRegistry - Running the evict task with compensationTime 4ms
2019-03-26_16 16:21:55.626 INFO  [Eureka-EvictionTimer] com.netflix.eureka.registry.AbstractInstanceRegistry - Running the evict task with compensationTime 4ms
2019-03-26_16 16:21:56.118 INFO  [AsyncResolver-bootstrap-executor-0] com.netflix.discovery.shared.resolver.aws.ConfigClusterResolver - Resolving eureka endpoints via configuration
2019-03-26_16 16:22:55.542 INFO  [Eureka-EvictionTimer] com.netflix.eureka.registry.AbstractInstanceRegistry - Running the evict task with compensationTime 3ms
2019-03-26_16 16:22:55.610 INFO  [Eureka-EvictionTimer] com.netflix.eureka.registry.AbstractInstanceRegistry - Running the evict task with compensationTime 3ms
2019-03-26_16 16:22:55.630 INFO  [Eureka-EvictionTimer] com.netflix.eureka.registry.AbstractInstanceRegistry - Running the evict task with compensationTime 4ms
2019-03-26_16 16:23:55.482 INFO  [AsyncResolver-bootstrap-executor-0] com.netflix.discovery.shared.resolver.aws.ConfigClusterResolver - Resolving eureka endpoints via configuration
2019-03-26_16 16:23:55.544 INFO  [Eureka-EvictionTimer] com.netflix.eureka.registry.AbstractInstanceRegistry - Running the evict task with compensationTime 2ms
2019-03-26_16 16:23:55.613 INFO  [Eureka-EvictionTimer] com.netflix.eureka.registry.AbstractInstanceRegistry - Running the evict task with compensationTime 3ms
2019-03-26_16 16:23:55.632 INFO  [Eureka-EvictionTimer] com.netflix.eureka.registry.AbstractInstanceRegistry - Running the evict task with compensationTime 3ms
2019-03-26_16 16:24:55.547 INFO  [Eureka-EvictionTimer] com.netflix.eureka.registry.AbstractInstanceRegistry - Running the evict task with compensationTime 4ms
2019-03-26_16 16:24:55.614 INFO  [Eureka-EvictionTimer] com.netflix.eureka.registry.AbstractInstanceRegistry - Running the evict task with compensationTime 1ms
2019-03-26_16 16:24:55.636 INFO  [Eureka-EvictionTimer] com.netflix.eureka.registry.AbstractInstanceRegistry - Running the evict task with compensationTime 4ms
2019-03-26_16 16:25:54.392 INFO  [ReplicaAwareInstanceRegistry - RenewalThresholdUpdater] com.netflix.eureka.registry.PeerAwareInstanceRegistryImpl - Current renewal threshold is : 6
2019-03-26_16 16:25:54.392 INFO  [ReplicaAwareInstanceRegistry - RenewalThresholdUpdater] com.netflix.eureka.registry.PeerAwareInstanceRegistryImpl - Current renewal threshold is : 6
2019-03-26_16 16:25:54.392 INFO  [ReplicaAwareInstanceRegistry - RenewalThresholdUpdater] com.netflix.eureka.registry.PeerAwareInstanceRegistryImpl - Current renewal threshold is : 6
2019-03-26_16 16:25:55.551 INFO  [Eureka-EvictionTimer] com.netflix.eureka.registry.AbstractInstanceRegistry - Running the evict task with compensationTime 4ms
2019-03-26_16 16:25:55.615 INFO  [Eureka-EvictionTimer] com.netflix.eureka.registry.AbstractInstanceRegistry - Running the evict task with compensationTime 1ms
2019-03-26_16 16:25:55.638 INFO  [Eureka-EvictionTimer] com.netflix.eureka.registry.AbstractInstanceRegistry - Running the evict task with compensationTime 2ms
2019-03-26_16 16:25:58.280 INFO  [AsyncResolver-bootstrap-executor-0] com.netflix.discovery.shared.resolver.aws.ConfigClusterResolver - Resolving eureka endpoints via configuration
2019-03-26_16 16:26:55.555 INFO  [Eureka-EvictionTimer] com.netflix.eureka.registry.AbstractInstanceRegistry - Running the evict task with compensationTime 4ms
2019-03-26_16 16:26:55.618 INFO  [Eureka-EvictionTimer] com.netflix.eureka.registry.AbstractInstanceRegistry - Running the evict task with compensationTime 4ms
2019-03-26_16 16:26:55.642 INFO  [Eureka-EvictionTimer] com.netflix.eureka.registry.AbstractInstanceRegistry - Running the evict task with compensationTime 5ms
2019-03-26_16 16:26:56.118 INFO  [AsyncResolver-bootstrap-executor-0] com.netflix.discovery.shared.resolver.aws.ConfigClusterResolver - Resolving eureka endpoints via configuration
2019-03-26_16 16:27:55.557 INFO  [Eureka-EvictionTimer] com.netflix.eureka.registry.AbstractInstanceRegistry - Running the evict task with compensationTime 3ms
2019-03-26_16 16:27:55.620 INFO  [Eureka-EvictionTimer] com.netflix.eureka.registry.AbstractInstanceRegistry - Running the evict task with compensationTime 2ms
2019-03-26_16 16:27:55.644 INFO  [Eureka-EvictionTimer] com.netflix.eureka.registry.AbstractInstanceRegistry - Running the evict task with compensationTime 2ms
2019-03-26_16 16:28:45.410 INFO  [Thread-13] org.springframework.boot.context.embedded.AnnotationConfigEmbeddedWebApplicationContext - Closing org.springframework.boot.context.embedded.AnnotationConfigEmbeddedWebApplicationContext@6f152006: startup date [Tue Mar 26 13:40:45 CST 2019]; parent: org.springframework.context.annotation.AnnotationConfigApplicationContext@424e1977
2019-03-26_16 16:28:45.447 INFO  [Thread-13] org.springframework.boot.context.embedded.AnnotationConfigEmbeddedWebApplicationContext - Closing org.springframework.boot.context.embedded.AnnotationConfigEmbeddedWebApplicationContext@6f152006: startup date [Tue Mar 26 13:40:45 CST 2019]; parent: org.springframework.context.annotation.AnnotationConfigApplicationContext@424e1977
2019-03-26_16 16:28:45.495 INFO  [Thread-13] org.springframework.cloud.netflix.eureka.serviceregistry.EurekaServiceRegistry - Unregistering application unknown with eureka with status DOWN
2019-03-26_16 16:28:45.518 INFO  [Thread-13] org.springframework.boot.context.embedded.AnnotationConfigEmbeddedWebApplicationContext - Closing org.springframework.boot.context.embedded.AnnotationConfigEmbeddedWebApplicationContext@6f152006: startup date [Tue Mar 26 13:40:45 CST 2019]; parent: org.springframework.context.annotation.AnnotationConfigApplicationContext@424e1977
2019-03-26_16 16:28:45.530 INFO  [Thread-13] org.springframework.cloud.netflix.eureka.serviceregistry.EurekaServiceRegistry - Unregistering application unknown with eureka with status DOWN
2019-03-26_16 16:28:45.550 INFO  [Thread-13] com.netflix.discovery.DiscoveryClient - Shutting down DiscoveryClient ...
2019-03-26_16 16:28:45.555 INFO  [Thread-13] com.netflix.discovery.DiscoveryClient - Completed shut down of DiscoveryClient
2019-03-26_16 16:28:45.600 INFO  [Thread-13] com.netflix.discovery.DiscoveryClient - Shutting down DiscoveryClient ...
2019-03-26_16 16:28:45.602 INFO  [Thread-13] com.netflix.discovery.DiscoveryClient - Completed shut down of DiscoveryClient
2019-03-26_16 16:28:45.667 INFO  [Thread-13] org.springframework.cloud.netflix.eureka.serviceregistry.EurekaServiceRegistry - Unregistering application unknown with eureka with status DOWN
2019-03-26_16 16:28:45.645 INFO  [Thread-6] org.springframework.boot.context.embedded.AnnotationConfigEmbeddedWebApplicationContext - Closing org.springframework.boot.context.embedded.AnnotationConfigEmbeddedWebApplicationContext@75459c75: startup date [Tue Mar 26 13:40:45 CST 2019]; parent: org.springframework.context.annotation.AnnotationConfigApplicationContext@60015ef5
2019-03-26_16 16:28:45.731 INFO  [Thread-13] com.netflix.discovery.DiscoveryClient - Shutting down DiscoveryClient ...
2019-03-26_16 16:28:45.737 INFO  [Thread-13] com.netflix.discovery.DiscoveryClient - Completed shut down of DiscoveryClient
2019-03-26_16 16:28:45.828 INFO  [Thread-37] com.netflix.loadbalancer.PollingServerListUpdater - Shutting down the Executor Pool for PollingServerListUpdater
2019-03-26_16 16:28:45.854 INFO  [Thread-26] org.springframework.boot.context.embedded.AnnotationConfigEmbeddedWebApplicationContext - Closing org.springframework.boot.context.embedded.AnnotationConfigEmbeddedWebApplicationContext@4af0df05: startup date [Tue Mar 26 13:48:47 CST 2019]; parent: org.springframework.context.annotation.AnnotationConfigApplicationContext@445b295b
2019-03-26_16 16:28:45.887 INFO  [Thread-6] org.springframework.cloud.netflix.eureka.serviceregistry.EurekaServiceRegistry - Unregistering application student-management-system with eureka with status DOWN
2019-03-26_16 16:28:45.899 WARN  [Thread-6] com.netflix.discovery.DiscoveryClient - Saw local status change event StatusChangeEvent [timestamp=1553588925897, current=DOWN, previous=UP]
2019-03-26_16 16:28:45.909 INFO  [DiscoveryClient-InstanceInfoReplicator-0] com.netflix.discovery.DiscoveryClient - DiscoveryClient_STUDENT-MANAGEMENT-SYSTEM/student-management-system-9001: registering service...
2019-03-26_16 16:28:45.951 INFO  [Thread-6] com.netflix.discovery.DiscoveryClient - Shutting down DiscoveryClient ...
2019-03-26_16 16:28:45.966 INFO  [Thread-6] com.netflix.discovery.DiscoveryClient - Unregistering ...
2019-03-26_16 16:28:46.026 INFO  [Thread-26] org.springframework.cloud.netflix.eureka.serviceregistry.EurekaServiceRegistry - Unregistering application ZUUL-GATEWAY with eureka with status DOWN
2019-03-26_16 16:28:46.028 INFO  [Thread-13] org.springframework.context.support.DefaultLifecycleProcessor - Stopping beans in phase 0
2019-03-26_16 16:28:46.029 WARN  [Thread-26] com.netflix.discovery.DiscoveryClient - Saw local status change event StatusChangeEvent [timestamp=1553588926029, current=DOWN, previous=UP]
2019-03-26_16 16:28:46.031 INFO  [DiscoveryClient-InstanceInfoReplicator-0] com.netflix.discovery.DiscoveryClient - DiscoveryClient_ZUUL-GATEWAY/zuul-gateway-8080: registering service...
2019-03-26_16 16:28:46.033 INFO  [http-nio-7002-exec-10] com.netflix.eureka.registry.AbstractInstanceRegistry - Registered instance STUDENT-MANAGEMENT-SYSTEM/student-management-system-9001 with status DOWN (replication=false)
2019-03-26_16 16:28:46.039 INFO  [DiscoveryClient-InstanceInfoReplicator-0] com.netflix.discovery.DiscoveryClient - DiscoveryClient_STUDENT-MANAGEMENT-SYSTEM/student-management-system-9001 - registration status: 204
2019-03-26_16 16:28:46.048 INFO  [Thread-26] com.netflix.discovery.DiscoveryClient - Shutting down DiscoveryClient ...
2019-03-26_16 16:28:46.050 INFO  [Thread-27] org.springframework.boot.context.embedded.AnnotationConfigEmbeddedWebApplicationContext - Closing org.springframework.boot.context.embedded.AnnotationConfigEmbeddedWebApplicationContext@42e3ede4: startup date [Tue Mar 26 14:36:47 CST 2019]; parent: org.springframework.context.annotation.AnnotationConfigApplicationContext@55740540
2019-03-26_16 16:28:46.062 INFO  [http-nio-7002-exec-1] com.netflix.eureka.registry.AbstractInstanceRegistry - Cancelled instance STUDENT-MANAGEMENT-SYSTEM/student-management-system-9001 (replication=false)
2019-03-26_16 16:28:46.060 INFO  [Thread-26] com.netflix.discovery.DiscoveryClient - Unregistering ...
2019-03-26_16 16:28:46.065 INFO  [Thread-6] com.netflix.discovery.DiscoveryClient - DiscoveryClient_STUDENT-MANAGEMENT-SYSTEM/student-management-system-9001 - deregister  status: 200
2019-03-26_16 16:28:46.116 INFO  [Thread-13] org.springframework.context.support.DefaultLifecycleProcessor - Stopping beans in phase 0
2019-03-26_16 16:28:46.126 INFO  [http-nio-7002-exec-6] com.netflix.eureka.registry.AbstractInstanceRegistry - Registered instance ZUUL-GATEWAY/zuul-gateway-8080 with status DOWN (replication=false)
2019-03-26_16 16:28:46.130 INFO  [DiscoveryClient-InstanceInfoReplicator-0] com.netflix.discovery.DiscoveryClient - DiscoveryClient_ZUUL-GATEWAY/zuul-gateway-8080 - registration status: 204
2019-03-26_16 16:28:46.134 INFO  [Thread-13] org.springframework.context.support.DefaultLifecycleProcessor - Stopping beans in phase 0
2019-03-26_16 16:28:46.187 INFO  [http-nio-7002-exec-3] com.netflix.eureka.registry.AbstractInstanceRegistry - Cancelled instance ZUUL-GATEWAY/zuul-gateway-8080 (replication=false)
2019-03-26_16 16:28:46.191 INFO  [Thread-26] com.netflix.discovery.DiscoveryClient - DiscoveryClient_ZUUL-GATEWAY/zuul-gateway-8080 - deregister  status: 200
2019-03-26_16 16:28:46.199 INFO  [Thread-13] com.netflix.eureka.DefaultEurekaServerContext - Shutting down ...
2019-03-26_16 16:28:46.199 INFO  [Thread-6] com.netflix.discovery.DiscoveryClient - Completed shut down of DiscoveryClient
2019-03-26_16 16:28:46.247 INFO  [Thread-27] org.springframework.cloud.netflix.eureka.serviceregistry.EurekaServiceRegistry - Unregistering application teacher-management-system with eureka with status DOWN
2019-03-26_16 16:28:46.256 WARN  [Thread-27] com.netflix.discovery.DiscoveryClient - Saw local status change event StatusChangeEvent [timestamp=1553588926252, current=DOWN, previous=UP]
2019-03-26_16 16:28:46.275 INFO  [DiscoveryClient-InstanceInfoReplicator-0] com.netflix.discovery.DiscoveryClient - DiscoveryClient_TEACHER-MANAGEMENT-SYSTEM/teacher-management-system-8001: registering service...
2019-03-26_16 16:28:46.323 INFO  [Thread-27] com.netflix.discovery.DiscoveryClient - Shutting down DiscoveryClient ...
2019-03-26_16 16:28:46.328 INFO  [Thread-13] com.netflix.eureka.DefaultEurekaServerContext - Shutting down ...
2019-03-26_16 16:28:46.335 INFO  [Thread-26] com.netflix.discovery.DiscoveryClient - Completed shut down of DiscoveryClient
2019-03-26_16 16:28:46.356 INFO  [Thread-27] com.netflix.discovery.DiscoveryClient - Unregistering ...
2019-03-26_16 16:28:46.365 INFO  [Thread-13] com.netflix.eureka.DefaultEurekaServerContext - Shutting down ...
2019-03-26_16 16:28:46.380 INFO  [http-nio-7002-exec-7] com.netflix.eureka.registry.AbstractInstanceRegistry - Registered instance TEACHER-MANAGEMENT-SYSTEM/teacher-management-system-8001 with status DOWN (replication=false)
2019-03-26_16 16:28:46.385 INFO  [DiscoveryClient-InstanceInfoReplicator-0] com.netflix.discovery.DiscoveryClient - DiscoveryClient_TEACHER-MANAGEMENT-SYSTEM/teacher-management-system-8001 - registration status: 204
2019-03-26_16 16:28:46.396 INFO  [Thread-13] com.netflix.eureka.DefaultEurekaServerContext - Shut down
2019-03-26_16 16:28:46.468 INFO  [Thread-13] com.netflix.eureka.DefaultEurekaServerContext - Shut down
2019-03-26_16 16:28:46.471 INFO  [Thread-13] org.springframework.boot.actuate.endpoint.jmx.EndpointMBeanExporter - Unregistering JMX-exposed beans on shutdown
2019-03-26_16 16:28:46.486 INFO  [Thread-13] org.springframework.boot.actuate.endpoint.jmx.EndpointMBeanExporter - Unregistering JMX-exposed beans
2019-03-26_16 16:28:46.496 INFO  [Thread-13] org.springframework.jmx.export.annotation.AnnotationMBeanExporter - Unregistering JMX-exposed beans on shutdown
2019-03-26_16 16:28:46.498 INFO  [Thread-13] org.springframework.jmx.export.annotation.AnnotationMBeanExporter - Unregistering JMX-exposed beans
2019-03-26_16 16:28:46.531 INFO  [http-nio-7002-exec-4] com.netflix.eureka.registry.AbstractInstanceRegistry - Cancelled instance TEACHER-MANAGEMENT-SYSTEM/teacher-management-system-8001 (replication=false)
2019-03-26_16 16:28:46.534 INFO  [Thread-13] org.springframework.boot.actuate.endpoint.jmx.EndpointMBeanExporter - Unregistering JMX-exposed beans on shutdown
2019-03-26_16 16:28:46.534 INFO  [Thread-27] com.netflix.discovery.DiscoveryClient - DiscoveryClient_TEACHER-MANAGEMENT-SYSTEM/teacher-management-system-8001 - deregister  status: 200
2019-03-26_16 16:28:46.538 INFO  [Thread-13] org.springframework.boot.actuate.endpoint.jmx.EndpointMBeanExporter - Unregistering JMX-exposed beans
2019-03-26_16 16:28:46.546 INFO  [Thread-13] org.springframework.jmx.export.annotation.AnnotationMBeanExporter - Unregistering JMX-exposed beans on shutdown
2019-03-26_16 16:28:46.547 INFO  [Thread-13] org.springframework.jmx.export.annotation.AnnotationMBeanExporter - Unregistering JMX-exposed beans
2019-03-26_16 16:28:46.537 INFO  [Thread-13] com.netflix.eureka.DefaultEurekaServerContext - Shut down
2019-03-26_16 16:28:46.572 INFO  [Thread-13] org.springframework.boot.actuate.endpoint.jmx.EndpointMBeanExporter - Unregistering JMX-exposed beans on shutdown
2019-03-26_16 16:28:46.574 INFO  [Thread-13] org.springframework.boot.actuate.endpoint.jmx.EndpointMBeanExporter - Unregistering JMX-exposed beans
2019-03-26_16 16:28:46.578 INFO  [Thread-13] org.springframework.jmx.export.annotation.AnnotationMBeanExporter - Unregistering JMX-exposed beans on shutdown
2019-03-26_16 16:28:46.579 INFO  [Thread-13] org.springframework.jmx.export.annotation.AnnotationMBeanExporter - Unregistering JMX-exposed beans
2019-03-26_16 16:28:46.580 INFO  [Thread-27] com.netflix.discovery.DiscoveryClient - Completed shut down of DiscoveryClient
2019-03-26_16 16:28:46.629 INFO  [Thread-6] org.springframework.context.support.DefaultLifecycleProcessor - Stopping beans in phase 2147483647
2019-03-26_16 16:28:46.696 INFO  [Thread-13] org.springframework.orm.jpa.LocalContainerEntityManagerFactoryBean - Closing JPA EntityManagerFactory for persistence unit 'default'
2019-03-26_16 16:28:46.707 INFO  [Thread-13] org.springframework.orm.jpa.LocalContainerEntityManagerFactoryBean - Closing JPA EntityManagerFactory for persistence unit 'default'
2019-03-26_16 16:28:46.733 INFO  [Thread-6] org.springframework.context.support.DefaultLifecycleProcessor - Stopping beans in phase 0
2019-03-26_16 16:28:46.773 INFO  [Thread-26] org.springframework.context.support.DefaultLifecycleProcessor - Stopping beans in phase 2147483647
2019-03-26_16 16:28:46.793 INFO  [Thread-13] org.springframework.orm.jpa.LocalContainerEntityManagerFactoryBean - Closing JPA EntityManagerFactory for persistence unit 'default'
2019-03-26_16 16:28:46.830 INFO  [Thread-6] org.springframework.boot.actuate.endpoint.jmx.EndpointMBeanExporter - Unregistering JMX-exposed beans on shutdown
2019-03-26_16 16:28:46.842 INFO  [Thread-6] org.springframework.boot.actuate.endpoint.jmx.EndpointMBeanExporter - Unregistering JMX-exposed beans
2019-03-26_16 16:28:46.854 INFO  [Thread-6] org.springframework.jmx.export.annotation.AnnotationMBeanExporter - Unregistering JMX-exposed beans on shutdown
2019-03-26_16 16:28:46.857 INFO  [Thread-6] org.springframework.jmx.export.annotation.AnnotationMBeanExporter - Unregistering JMX-exposed beans
2019-03-26_16 16:28:46.858 INFO  [Thread-13] com.alibaba.druid.pool.DruidDataSource - {dataSource-1} closed
2019-03-26_16 16:28:46.863 INFO  [Thread-13] com.alibaba.druid.pool.DruidDataSource - {dataSource-1} closed
2019-03-26_16 16:28:46.886 INFO  [Thread-26] org.springframework.context.support.DefaultLifecycleProcessor - Stopping beans in phase 0
2019-03-26_16 16:28:46.903 INFO  [Thread-26] org.springframework.cloud.netflix.zuul.ZuulFilterInitializer - Stopping filter initializer
2019-03-26_16 16:28:46.922 INFO  [Thread-13] com.alibaba.druid.pool.DruidDataSource - {dataSource-1} closed
2019-03-26_16 16:28:46.986 INFO  [Thread-26] org.springframework.context.annotation.AnnotationConfigApplicationContext - Closing org.springframework.context.annotation.AnnotationConfigApplicationContext@3c67254a: startup date [Tue Mar 26 13:50:13 CST 2019]; parent: org.springframework.boot.context.embedded.AnnotationConfigEmbeddedWebApplicationContext@4af0df05
2019-03-26_16 16:28:46.995 INFO  [Thread-26] org.springframework.cloud.netflix.eureka.serviceregistry.EurekaServiceRegistry - Unregistering application ZUUL-GATEWAY with eureka with status DOWN
2019-03-26_16 16:28:47.004 INFO  [Thread-27] org.springframework.context.support.DefaultLifecycleProcessor - Stopping beans in phase 2147483647
2019-03-26_16 16:28:47.026 INFO  [Thread-26] com.netflix.util.concurrent.ShutdownEnabledTimer - Shutdown hook removed for: NFLoadBalancer-PingTimer-student-management-system
2019-03-26_16 16:28:47.051 INFO  [Thread-27] org.springframework.context.support.DefaultLifecycleProcessor - Stopping beans in phase 0
2019-03-26_16 16:28:47.081 INFO  [Thread-27] org.springframework.boot.actuate.endpoint.jmx.EndpointMBeanExporter - Unregistering JMX-exposed beans on shutdown
2019-03-26_16 16:28:47.087 INFO  [Thread-27] org.springframework.boot.actuate.endpoint.jmx.EndpointMBeanExporter - Unregistering JMX-exposed beans
2019-03-26_16 16:28:47.078 INFO  [Thread-26] com.netflix.util.concurrent.ShutdownEnabledTimer - Exception caught (might be ok if at shutdown)
java.lang.IllegalStateException: Shutdown in progress
	at java.lang.ApplicationShutdownHooks.remove(ApplicationShutdownHooks.java:82)
	at java.lang.Runtime.removeShutdownHook(Runtime.java:239)
	at com.netflix.util.concurrent.ShutdownEnabledTimer.cancel(ShutdownEnabledTimer.java:70)
	at com.netflix.loadbalancer.BaseLoadBalancer.cancelPingTask(BaseLoadBalancer.java:613)
	at com.netflix.loadbalancer.BaseLoadBalancer.shutdown(BaseLoadBalancer.java:864)
	at com.netflix.loadbalancer.DynamicServerListLoadBalancer.shutdown(DynamicServerListLoadBalancer.java:277)
	at sun.reflect.NativeMethodAccessorImpl.invoke0(Native Method)
	at sun.reflect.NativeMethodAccessorImpl.invoke(NativeMethodAccessorImpl.java:62)
	at sun.reflect.DelegatingMethodAccessorImpl.invoke(DelegatingMethodAccessorImpl.java:43)
	at java.lang.reflect.Method.invoke(Method.java:498)
	at org.springframework.beans.factory.support.DisposableBeanAdapter.invokeCustomDestroyMethod(DisposableBeanAdapter.java:364)
	at org.springframework.beans.factory.support.DisposableBeanAdapter.destroy(DisposableBeanAdapter.java:287)
	at org.springframework.beans.factory.support.DefaultSingletonBeanRegistry.destroyBean(DefaultSingletonBeanRegistry.java:578)
	at org.springframework.beans.factory.support.DefaultSingletonBeanRegistry.destroySingleton(DefaultSingletonBeanRegistry.java:554)
	at org.springframework.beans.factory.support.DefaultListableBeanFactory.destroySingleton(DefaultListableBeanFactory.java:961)
	at org.springframework.beans.factory.support.DefaultSingletonBeanRegistry.destroySingletons(DefaultSingletonBeanRegistry.java:523)
	at org.springframework.beans.factory.support.FactoryBeanRegistrySupport.destroySingletons(FactoryBeanRegistrySupport.java:230)
	at org.springframework.beans.factory.support.DefaultListableBeanFactory.destroySingletons(DefaultListableBeanFactory.java:968)
	at org.springframework.context.support.AbstractApplicationContext.destroyBeans(AbstractApplicationContext.java:1030)
	at org.springframework.context.support.AbstractApplicationContext.doClose(AbstractApplicationContext.java:1006)
	at org.springframework.context.support.AbstractApplicationContext.close(AbstractApplicationContext.java:958)
	at org.springframework.cloud.context.named.NamedContextFactory.destroy(NamedContextFactory.java:76)
	at org.springframework.beans.factory.support.DisposableBeanAdapter.destroy(DisposableBeanAdapter.java:272)
	at org.springframework.beans.factory.support.DefaultSingletonBeanRegistry.destroyBean(DefaultSingletonBeanRegistry.java:578)
	at org.springframework.beans.factory.support.DefaultSingletonBeanRegistry.destroySingleton(DefaultSingletonBeanRegistry.java:554)
	at org.springframework.beans.factory.support.DefaultListableBeanFactory.destroySingleton(DefaultListableBeanFactory.java:961)
	at org.springframework.beans.factory.support.DefaultSingletonBeanRegistry.destroySingletons(DefaultSingletonBeanRegistry.java:523)
	at org.springframework.beans.factory.support.FactoryBeanRegistrySupport.destroySingletons(FactoryBeanRegistrySupport.java:230)
	at org.springframework.beans.factory.support.DefaultListableBeanFactory.destroySingletons(DefaultListableBeanFactory.java:968)
	at org.springframework.context.support.AbstractApplicationContext.destroyBeans(AbstractApplicationContext.java:1030)
	at org.springframework.context.support.AbstractApplicationContext.doClose(AbstractApplicationContext.java:1006)
	at org.springframework.context.support.AbstractApplicationContext$2.run(AbstractApplicationContext.java:929)
2019-03-26_16 16:28:47.093 INFO  [Thread-27] org.springframework.jmx.export.annotation.AnnotationMBeanExporter - Unregistering JMX-exposed beans on shutdown
2019-03-26_16 16:28:47.096 INFO  [Thread-27] org.springframework.jmx.export.annotation.AnnotationMBeanExporter - Unregistering JMX-exposed beans
2019-03-26_16 16:28:47.147 INFO  [Thread-26] org.springframework.boot.actuate.endpoint.jmx.EndpointMBeanExporter - Unregistering JMX-exposed beans on shutdown
2019-03-26_16 16:28:47.154 INFO  [Thread-26] org.springframework.boot.actuate.endpoint.jmx.EndpointMBeanExporter - Unregistering JMX-exposed beans
2019-03-26_16 16:28:47.156 WARN  [Thread-6] com.netflix.config.sources.URLConfigurationSource - No URLs will be polled as dynamic configuration sources.
2019-03-26_16 16:28:47.157 INFO  [Thread-6] com.netflix.config.sources.URLConfigurationSource - To enable URLs as dynamic configuration sources, define System property archaius.configurationSource.additionalUrls or make config.properties available on classpath.
2019-03-26_16 16:28:47.162 INFO  [Thread-26] org.springframework.jmx.export.annotation.AnnotationMBeanExporter - Unregistering JMX-exposed beans on shutdown
2019-03-26_16 16:28:47.163 INFO  [Thread-26] org.springframework.jmx.export.annotation.AnnotationMBeanExporter - Unregistering JMX-exposed beans
2019-03-26_16 16:28:47.192 INFO  [Thread-6] org.springframework.orm.jpa.LocalContainerEntityManagerFactoryBean - Closing JPA EntityManagerFactory for persistence unit 'default'
2019-03-26_16 16:28:47.284 WARN  [Thread-27] com.netflix.config.sources.URLConfigurationSource - No URLs will be polled as dynamic configuration sources.
2019-03-26_16 16:28:47.284 INFO  [Thread-27] com.netflix.config.sources.URLConfigurationSource - To enable URLs as dynamic configuration sources, define System property archaius.configurationSource.additionalUrls or make config.properties available on classpath.
2019-03-26_16 16:28:47.289 INFO  [Thread-6] com.alibaba.druid.pool.DruidDataSource - {dataSource-1} closed
2019-03-26_16 16:28:47.311 INFO  [Thread-26] org.springframework.orm.jpa.LocalContainerEntityManagerFactoryBean - Closing JPA EntityManagerFactory for persistence unit 'default'
2019-03-26_16 16:28:47.328 INFO  [Thread-27] org.springframework.orm.jpa.LocalContainerEntityManagerFactoryBean - Closing JPA EntityManagerFactory for persistence unit 'default'
2019-03-26_16 16:28:47.373 INFO  [Thread-26] com.alibaba.druid.pool.DruidDataSource - {dataSource-1} closed
2019-03-26_16 16:28:47.392 INFO  [Thread-27] com.alibaba.druid.pool.DruidDataSource - {dataSource-1} closed
